2023-04-13 11:44:37 | INFO |  ============================================================ 
2023-04-13 11:44:37 | INFO |   Dynawo VERSION : 1.6.0
2023-04-13 11:44:37 | INFO |   Dynawo REVISION: master-954c0ec
2023-04-13 11:44:37 | INFO |   Dynawo-algorithms VERSION : 1.6.0
2023-04-13 11:44:37 | INFO |   Dynawo-algorithms REVISION: -
2023-04-13 11:44:37 | INFO |  ============================================================ 
2023-04-13 11:44:37 | INFO | starting variation 100%
2023-04-13 11:44:37 | INFO | model MODEL_LOAD_VARIATION_AREA: stop time:40 current variation:0.5
2023-04-13 11:44:37 | INFO | load increase for variation 50% => CONVERGENCE
2023-04-13 11:44:37 | INFO | load increase for variation 100% => CONVERGENCE
2023-04-13 11:44:37 | INFO | scenario DisconnectLine-100 => CRITERIA_NON_RESPECTED
2023-04-13 11:44:37 | INFO | scenario DisconnectGroup-100 => CRITERIA_NON_RESPECTED
2023-04-13 11:44:37 | INFO | 
2023-04-13 11:44:37 | INFO | starting variation 50%
2023-04-13 11:44:37 | INFO | using existing results for variation 50%
2023-04-13 11:44:37 | INFO | scenario DisconnectLine-50 => CONVERGENCE
2023-04-13 11:44:37 | INFO | scenario DisconnectGroup-50 => CONVERGENCE
2023-04-13 11:44:37 | INFO | 
2023-04-13 11:44:37 | INFO | starting variation 75%
2023-04-13 11:44:37 | INFO | model MODEL_LOAD_VARIATION_AREA: stop time:55 current variation:0.75
2023-04-13 11:44:38 | INFO | load increase for variation 75% => CONVERGENCE
2023-04-13 11:44:38 | INFO | load increase for variation 88% => CONVERGENCE
2023-04-13 11:44:38 | INFO | scenario DisconnectLine-75 => CRITERIA_NON_RESPECTED
2023-04-13 11:44:38 | INFO | scenario DisconnectGroup-75 => CRITERIA_NON_RESPECTED
2023-04-13 11:44:38 | INFO | 
2023-04-13 11:44:38 | INFO | starting variation 63%
2023-04-13 11:44:38 | INFO | model MODEL_LOAD_VARIATION_AREA: stop time:47.8 current variation:0.63
2023-04-13 11:44:38 | INFO | load increase for variation 63% => CONVERGENCE
2023-04-13 11:44:38 | INFO | load increase for variation 69% => CONVERGENCE
2023-04-13 11:44:38 | INFO | scenario DisconnectLine-63 => CONVERGENCE
2023-04-13 11:44:38 | INFO | scenario DisconnectGroup-63 => CONVERGENCE
2023-04-13 11:44:38 | INFO | 
2023-04-13 11:44:38 | INFO | starting variation 69%
2023-04-13 11:44:38 | INFO | using existing results for variation 69%
2023-04-13 11:44:38 | INFO | scenario DisconnectLine-69 => CRITERIA_NON_RESPECTED
2023-04-13 11:44:38 | INFO | scenario DisconnectGroup-69 => CONVERGENCE
2023-04-13 11:44:38 | INFO | 
2023-04-13 11:44:38 | INFO | starting variation 66%
2023-04-13 11:44:38 | INFO | model MODEL_LOAD_VARIATION_AREA: stop time:49.6 current variation:0.66
2023-04-13 11:44:38 | INFO | load increase for variation 66% => CONVERGENCE
2023-04-13 11:44:38 | INFO | load increase for variation 68% => CONVERGENCE
2023-04-13 11:44:38 | INFO | scenario DisconnectLine-66 => CONVERGENCE
2023-04-13 11:44:38 | INFO | 
2023-04-13 11:44:38 | INFO | starting variation 72%
2023-04-13 11:44:39 | INFO | model MODEL_LOAD_VARIATION_AREA: stop time:53.2 current variation:0.72
2023-04-13 11:44:39 | INFO | load increase for variation 72% => CONVERGENCE
2023-04-13 11:44:39 | INFO | load increase for variation 74% => CONVERGENCE
2023-04-13 11:44:39 | INFO | scenario DisconnectGroup-72 => CRITERIA_NON_RESPECTED
2023-04-13 11:44:39 | INFO | 
2023-04-13 11:44:39 | INFO | starting variation 68%
2023-04-13 11:44:39 | INFO | using existing results for variation 68%
2023-04-13 11:44:39 | INFO | using existing results for scenarios with variation 68%
2023-04-13 11:44:39 | INFO | scenario DisconnectLine-68 => CONVERGENCE
2023-04-13 11:44:39 | INFO | 
2023-04-13 11:44:39 | INFO | starting variation 71%
2023-04-13 11:44:39 | INFO | model MODEL_LOAD_VARIATION_AREA: stop time:52.6 current variation:0.71
2023-04-13 11:44:39 | INFO | load increase for variation 71% => CONVERGENCE
2023-04-13 11:44:39 | INFO | scenario DisconnectGroup-71 => CONVERGENCE
2023-04-13 11:44:39 | INFO | 
2023-04-13 11:44:39 | INFO | ============================================================ 
2023-04-13 11:44:39 | INFO | maximal variation for load increase is 100%
2023-04-13 11:44:39 | INFO | maximal variation for scenario DisconnectLine is 68%
2023-04-13 11:44:39 | INFO | maximal variation for scenario DisconnectGroup is 71%
2023-04-13 11:44:39 | INFO | Margin calculation finished in 2s
2023-04-13 11:44:39 | INFO | ============================================================ 
