2023-06-29 14:22:24 | INFO |  ============================================================ 
2023-06-29 14:22:24 | INFO |   Dynawo VERSION : 1.6.0
2023-06-29 14:22:24 | INFO |   Dynawo REVISION: 2291_Use_Sundials_6_5_1_and_SuiteSparse_5_10_1-fab4f90979
2023-06-29 14:22:24 | INFO |   Dynawo-algorithms VERSION : 1.6.0
2023-06-29 14:22:24 | INFO |   Dynawo-algorithms REVISION: 354_Update_MC_file_div_and_MC_file_div_intermediate_NRTs_for_SUNDIALS_6_3_0-f5dd325
2023-06-29 14:22:24 | INFO |  ============================================================ 
2023-06-29 14:22:24 | INFO | starting variation 100%
2023-06-29 14:22:24 | INFO | model MODEL_LOAD_VARIATION_AREA: stop time:40 current variation:0.5
2023-06-29 14:22:24 | INFO | load increase for variation 50% => DIVERGENCE
2023-06-29 14:22:24 | INFO | load increase for variation 100% => DIVERGENCE
2023-06-29 14:22:24 | INFO | starting variation 0%
2023-06-29 14:22:24 | INFO | model MODEL_LOAD_VARIATION_AREA: stop time:10 current variation:0
2023-06-29 14:22:24 | INFO | load increase for variation 0% => CONVERGENCE
2023-06-29 14:22:24 | INFO | load increase for variation 25% => DIVERGENCE
2023-06-29 14:22:25 | INFO | scenario DisconnectLine-0 => DIVERGENCE
2023-06-29 14:22:25 | INFO | scenario DisconnectGroup-0 => DIVERGENCE
2023-06-29 14:22:25 | INFO | ============================================================ 
2023-06-29 14:22:25 | INFO | maximal global variation is 0%
2023-06-29 14:22:25 | INFO | Margin calculation finished in 1s
2023-06-29 14:22:25 | INFO | ============================================================ 

