2023-11-28 15:45:49 | INFO |  ============================================================ 
2023-11-28 15:45:49 | INFO |   Dynawo VERSION : 1.6.0
2023-11-28 15:45:49 | INFO |   Dynawo REVISION: 3058_delay-d26adc8ffe
2023-11-28 15:45:49 | INFO |   Dynawo-algorithms VERSION : 1.6.0
2023-11-28 15:45:49 | INFO |   Dynawo-algorithms REVISION: master-f65545a
2023-11-28 15:45:49 | INFO |  ============================================================ 
2023-11-28 15:45:49 | INFO | starting variation 100%
2023-11-28 15:45:50 | INFO | model MODEL_LOAD_VARIATION_AREA: stop time:40 current variation:0.5
2023-11-28 15:45:50 | INFO | load increase for variation 50% => DIVERGENCE
2023-11-28 15:45:50 | INFO | load increase for variation 100% => CRITERIA_NON_RESPECTED
2023-11-28 15:45:50 | INFO | starting variation 0%
2023-11-28 15:45:50 | INFO | model MODEL_LOAD_VARIATION_AREA: stop time:10 current variation:0
2023-11-28 15:45:50 | INFO | load increase for variation 0% => CONVERGENCE
2023-11-28 15:45:50 | INFO | load increase for variation 25% => DIVERGENCE
2023-11-28 15:45:50 | INFO | scenario DisconnectGroup-0 => CONVERGENCE
2023-11-28 15:45:50 | INFO | 
2023-11-28 15:45:50 | INFO | starting variation 50%
2023-11-28 15:45:50 | INFO | using existing results for variation 50%
2023-11-28 15:45:50 | INFO | 
2023-11-28 15:45:50 | INFO | starting variation 25%
2023-11-28 15:45:50 | INFO | using existing results for variation 25%
2023-11-28 15:45:50 | INFO | 
2023-11-28 15:45:50 | INFO | starting variation 13%
2023-11-28 15:45:50 | INFO | model MODEL_LOAD_VARIATION_AREA: stop time:17.8 current variation:0.13
2023-11-28 15:45:50 | INFO | load increase for variation 13% => CONVERGENCE
2023-11-28 15:45:50 | INFO | load increase for variation 19% => DIVERGENCE
2023-11-28 15:45:50 | INFO | scenario DisconnectGroup-13 => CONVERGENCE
2023-11-28 15:45:50 | INFO | 
2023-11-28 15:45:50 | INFO | starting variation 19%
2023-11-28 15:45:50 | INFO | using existing results for variation 19%
2023-11-28 15:45:50 | INFO | 
2023-11-28 15:45:50 | INFO | starting variation 16%
2023-11-28 15:45:50 | INFO | model MODEL_LOAD_VARIATION_AREA: stop time:19.6 current variation:0.16
2023-11-28 15:45:50 | INFO | load increase for variation 16% => DIVERGENCE
2023-11-28 15:45:50 | INFO | load increase for variation 18% => DIVERGENCE
2023-11-28 15:45:50 | INFO | 
2023-11-28 15:45:50 | INFO | starting variation 15%
2023-11-28 15:45:50 | INFO | model MODEL_LOAD_VARIATION_AREA: stop time:19 current variation:0.15
2023-11-28 15:45:50 | INFO | load increase for variation 15% => CONVERGENCE
2023-11-28 15:45:50 | INFO | scenario DisconnectGroup-15 => CONVERGENCE
2023-11-28 15:45:50 | INFO | 
2023-11-28 15:45:50 | INFO | ============================================================ 
2023-11-28 15:45:50 | INFO | maximal global variation is 15%
2023-11-28 15:45:50 | INFO | Margin calculation finished in 1s
2023-11-28 15:45:50 | INFO | ============================================================ 
