2025-02-25 10:49:14 | INFO |  ============================================================ 
2025-02-25 10:49:14 | INFO | DYNAWO VERSION  :     1.8.0
2025-02-25 10:49:14 | INFO | DYNAWO REVISION :    master-0b958b2f6da
2025-02-25 10:49:14 | INFO |  ============================================================ 
2025-02-25 10:49:14 | INFO | 
2025-02-25 10:49:14 | INFO | -----------------------------------------------------------------------
2025-02-25 10:49:14 | INFO | building model from input files
2025-02-25 10:49:14 | INFO | -----------------------------------------------------------------------
2025-02-25 10:49:15 | INFO | model was built successfully
2025-02-25 10:49:15 | INFO | -----------------------------------------------------------------------
2025-02-25 10:49:15 | INFO | 
2025-02-25 10:49:15 | INFO | -----------------------------------------------------------------------
2025-02-25 10:49:15 | INFO | starting local initialization
2025-02-25 10:49:15 | INFO | -----------------------------------------------------------------------
2025-02-25 10:49:15 | INFO | end of local initialization
2025-02-25 10:49:15 | INFO | -----------------------------------------------------------------------
2025-02-25 10:49:15 | INFO | 
2025-02-25 10:49:15 | INFO | -----------------------------------------------------------------------
2025-02-25 10:49:15 | INFO | starting global initialization
2025-02-25 10:49:15 | INFO | -----------------------------------------------------------------------
2025-02-25 10:49:15 | INFO | end of global initialization
2025-02-25 10:49:15 | INFO | -----------------------------------------------------------------------
2025-02-25 10:49:15 | INFO | 
2025-02-25 10:49:15 | INFO | -----------------------------------------------------------------------
2025-02-25 10:49:15 | INFO | starting curve initialization
2025-02-25 10:49:15 | INFO | -----------------------------------------------------------------------
2025-02-25 10:49:15 | INFO | end of curve initialization, added 44 curves
2025-02-25 10:49:15 | INFO | -----------------------------------------------------------------------
2025-02-25 10:49:15 | INFO | 
2025-02-25 10:49:15 | INFO | -----------------------------------------------------------------------
2025-02-25 10:49:15 | INFO | starting simulation with solver IDASolver
2025-02-25 10:49:15 | INFO | -----------------------------------------------------------------------
2025-02-25 10:49:15 | INFO | -----------------------------------------------------------------------
2025-02-25 10:49:15 | INFO | number of continuous variables : 443
2025-02-25 10:49:15 | INFO | number of discrete variables : 248
2025-02-25 10:49:15 | INFO | number of root functions : 256
2025-02-25 10:49:15 | INFO | -----------------------------------------------------------------------
2025-02-25 10:49:15 | INFO |         time | iter num   order (k)      time step (h)
2025-02-25 10:49:15 | INFO | -----------------------------------------------------------------------
2025-02-25 10:49:15 | INFO |        0.000 |        0           0              0.020 
2025-02-25 10:49:16 | INFO |        0.000 |        1           1              0.000 
2025-02-25 10:49:16 | INFO |        0.000 |        2           1              0.000 
2025-02-25 10:49:16 | INFO |        0.000 |        3           2              0.000 
2025-02-25 10:49:16 | INFO |        0.000 |        4           2              0.000 
2025-02-25 10:49:16 | INFO |        0.000 |        5           2              0.000 
2025-02-25 10:49:16 | INFO |        0.000 |        6           2              0.000 
2025-02-25 10:49:16 | INFO |        0.000 |        7           2              0.000 
2025-02-25 10:49:16 | INFO |        0.000 |        8           2              0.000 
2025-02-25 10:49:16 | INFO |        0.000 |        9           2              0.000 
2025-02-25 10:49:16 | INFO |        0.001 |       10           2              0.000 
2025-02-25 10:49:16 | INFO |        0.001 |       11           2              0.001 
2025-02-25 10:49:16 | INFO |        0.002 |       12           2              0.001 
2025-02-25 10:49:16 | INFO |        0.004 |       13           2              0.002 
2025-02-25 10:49:16 | INFO |        0.008 |       14           2              0.004 
2025-02-25 10:49:16 | INFO |        0.016 |       15           2              0.008 
2025-02-25 10:49:16 | INFO | Algebraic mode change at t = 0.0270356
2025-02-25 10:49:16 | INFO |        0.027 |       16           2              0.016 
2025-02-25 10:49:16 | INFO | calculation of the new starting point of the simulation.
2025-02-25 10:49:16 | INFO |        0.027 |        0           0              0.000 
2025-02-25 10:49:16 | INFO |        0.027 |        1           1              0.000 
2025-02-25 10:49:16 | INFO |        0.027 |        2           1              0.000 
2025-02-25 10:49:16 | INFO |        0.027 |        3           2              0.000 
2025-02-25 10:49:16 | INFO |        0.027 |        4           2              0.000 
2025-02-25 10:49:16 | INFO |        0.027 |        5           2              0.000 
2025-02-25 10:49:16 | INFO |        0.027 |        6           2              0.000 
2025-02-25 10:49:16 | INFO |        0.027 |        7           2              0.000 
2025-02-25 10:49:16 | INFO |        0.027 |        8           2              0.000 
2025-02-25 10:49:16 | INFO |        0.027 |        9           2              0.000 
2025-02-25 10:49:16 | INFO |        0.028 |       10           2              0.000 
2025-02-25 10:49:16 | INFO |        0.028 |       11           2              0.001 
2025-02-25 10:49:16 | INFO |        0.029 |       12           2              0.001 
2025-02-25 10:49:16 | INFO |        0.031 |       13           2              0.002 
2025-02-25 10:49:16 | INFO |        0.031 |       13           2              0.002 
2025-02-25 10:49:16 | INFO |        0.031 |       13           2              0.002 
2025-02-25 10:49:16 | INFO |        0.035 |       14           2              0.004 
2025-02-25 10:49:16 | INFO |        0.043 |       15           2              0.008 
2025-02-25 10:49:17 | INFO | Algebraic mode change at t = 0.0528342
2025-02-25 10:49:17 | INFO |        0.053 |       16           2              0.016 
2025-02-25 10:49:17 | INFO | calculation of the new starting point of the simulation.
2025-02-25 10:49:17 | INFO |        0.053 |        0           0              0.000 
2025-02-25 10:49:17 | INFO |        0.053 |        1           1              0.000 
2025-02-25 10:49:17 | INFO |        0.053 |        2           1              0.000 
2025-02-25 10:49:17 | INFO |        0.053 |        3           2              0.000 
2025-02-25 10:49:17 | INFO |        0.053 |        4           2              0.000 
2025-02-25 10:49:17 | INFO |        0.053 |        5           2              0.000 
2025-02-25 10:49:17 | INFO |        0.053 |        6           2              0.000 
2025-02-25 10:49:17 | INFO |        0.053 |        7           2              0.000 
2025-02-25 10:49:17 | INFO |        0.053 |        8           2              0.000 
2025-02-25 10:49:17 | INFO |        0.053 |        9           2              0.000 
2025-02-25 10:49:17 | INFO |        0.053 |       10           2              0.000 
2025-02-25 10:49:17 | INFO |        0.054 |       11           2              0.001 
2025-02-25 10:49:17 | INFO |        0.055 |       12           2              0.001 
2025-02-25 10:49:17 | INFO |        0.057 |       13           2              0.002 
2025-02-25 10:49:17 | INFO |        0.061 |       14           2              0.004 
2025-02-25 10:49:17 | INFO |        0.069 |       15           2              0.008 
2025-02-25 10:49:17 | INFO |        0.086 |       16           2              0.016 
2025-02-25 10:49:17 | INFO |        0.118 |       17           2              0.033 
2025-02-25 10:49:17 | INFO |        0.184 |       18           2              0.066 
2025-02-25 10:49:17 | INFO | Algebraic mode change at t = 0.294755
2025-02-25 10:49:17 | INFO |        0.295 |       19           2              0.131 
2025-02-25 10:49:17 | INFO | calculation of the new starting point of the simulation.
2025-02-25 10:49:17 | INFO |        0.295 |        0           0              0.000 
2025-02-25 10:49:17 | INFO |        0.295 |        1           1              0.000 
2025-02-25 10:49:17 | INFO |        0.295 |        2           1              0.000 
2025-02-25 10:49:17 | INFO |        0.295 |        3           2              0.000 
2025-02-25 10:49:17 | INFO |        0.295 |        4           2              0.000 
2025-02-25 10:49:17 | INFO |        0.295 |        5           2              0.000 
2025-02-25 10:49:17 | INFO |        0.295 |        6           2              0.000 
2025-02-25 10:49:17 | INFO |        0.295 |        7           2              0.000 
2025-02-25 10:49:17 | INFO |        0.295 |        8           2              0.000 
2025-02-25 10:49:17 | INFO |        0.295 |        9           2              0.000 
2025-02-25 10:49:17 | INFO |        0.295 |       10           2              0.000 
2025-02-25 10:49:17 | INFO |        0.296 |       11           2              0.001 
2025-02-25 10:49:18 | INFO |        0.297 |       12           2              0.001 
2025-02-25 10:49:18 | INFO |        0.299 |       13           2              0.002 
2025-02-25 10:49:18 | INFO |        0.303 |       14           2              0.004 
2025-02-25 10:49:18 | INFO |        0.311 |       15           2              0.008 
2025-02-25 10:49:18 | INFO |        0.328 |       16           2              0.016 
2025-02-25 10:49:18 | INFO |        0.348 |       17           2              0.033 
2025-02-25 10:49:18 | INFO |        0.348 |       17           2              0.033 
2025-02-25 10:49:18 | INFO |        0.360 |       17           2              0.033 
2025-02-25 10:49:18 | INFO |        0.426 |       18           2              0.066 
2025-02-25 10:49:18 | INFO |        0.557 |       19           2              0.131 
2025-02-25 10:49:18 | INFO | Algebraic mode change at t = 0.793974
2025-02-25 10:49:18 | INFO |        0.794 |       20           2              0.262 
2025-02-25 10:49:18 | INFO | calculation of the new starting point of the simulation.
2025-02-25 10:49:18 | INFO |        0.794 |        0           0              0.000 
2025-02-25 10:49:18 | INFO |        0.794 |        1           1              0.000 
2025-02-25 10:49:18 | INFO |        0.794 |        2           1              0.000 
2025-02-25 10:49:18 | INFO |        0.794 |        3           2              0.000 
2025-02-25 10:49:18 | INFO |        0.794 |        4           2              0.000 
2025-02-25 10:49:18 | INFO |        0.794 |        5           2              0.000 
2025-02-25 10:49:18 | INFO |        0.794 |        6           2              0.000 
2025-02-25 10:49:18 | INFO |        0.794 |        7           2              0.000 
2025-02-25 10:49:18 | INFO |        0.794 |        8           2              0.000 
2025-02-25 10:49:18 | INFO |        0.794 |        9           2              0.000 
2025-02-25 10:49:18 | INFO |        0.794 |       10           2              0.000 
2025-02-25 10:49:18 | INFO |        0.795 |       11           2              0.001 
2025-02-25 10:49:18 | INFO |        0.796 |       12           2              0.001 
2025-02-25 10:49:18 | INFO |        0.798 |       13           2              0.002 
2025-02-25 10:49:18 | INFO |        0.802 |       14           2              0.004 
2025-02-25 10:49:18 | INFO |        0.810 |       15           2              0.008 
2025-02-25 10:49:18 | INFO |        0.827 |       16           2              0.016 
2025-02-25 10:49:18 | INFO |        0.829 |       17           2              0.033 
2025-02-25 10:49:18 | INFO |        0.829 |       17           2              0.033 
2025-02-25 10:49:18 | INFO |        0.835 |       17           2              0.033 
2025-02-25 10:49:18 | INFO |        0.835 |       17           2              0.033 
2025-02-25 10:49:18 | INFO |        0.860 |       17           2              0.033 
2025-02-25 10:49:18 | INFO | Algebraic mode change at t = 0.882399
2025-02-25 10:49:18 | INFO |        0.882 |       18           2              0.066 
2025-02-25 10:49:18 | INFO | calculation of the new starting point of the simulation.
2025-02-25 10:49:18 | INFO |        0.882 |        0           0              0.000 
2025-02-25 10:49:18 | INFO |        0.882 |        1           1              0.000 
2025-02-25 10:49:18 | INFO |        0.882 |        2           1              0.000 
2025-02-25 10:49:18 | INFO |        0.882 |        3           2              0.000 
2025-02-25 10:49:18 | INFO |        0.882 |        4           2              0.000 
2025-02-25 10:49:18 | INFO |        0.882 |        5           2              0.000 
2025-02-25 10:49:18 | INFO |        0.882 |        6           2              0.000 
2025-02-25 10:49:18 | INFO |        0.882 |        7           2              0.000 
2025-02-25 10:49:19 | INFO |        0.883 |        8           2              0.000 
2025-02-25 10:49:19 | INFO |        0.883 |        9           2              0.000 
2025-02-25 10:49:19 | INFO |        0.883 |       10           2              0.000 
2025-02-25 10:49:19 | INFO |        0.883 |       11           2              0.001 
2025-02-25 10:49:19 | INFO |        0.884 |       12           2              0.001 
2025-02-25 10:49:19 | INFO |        0.886 |       13           2              0.002 
2025-02-25 10:49:19 | INFO |        0.891 |       14           2              0.004 
2025-02-25 10:49:19 | INFO |        0.899 |       15           2              0.008 
2025-02-25 10:49:19 | INFO |        0.915 |       16           2              0.016 
2025-02-25 10:49:19 | INFO |        0.948 |       17           2              0.033 
2025-02-25 10:49:19 | INFO | Algebraic mode (with J recalculation) change at t = 1
2025-02-25 10:49:19 | INFO |        1.000 |       18           2              0.066 
2025-02-25 10:49:19 | INFO | calculation of the new starting point of the simulation.
2025-02-25 10:49:19 | INFO | Algebraic mode change at t = 1
2025-02-25 10:49:19 | INFO |        1.000 |        0           0              0.000 
2025-02-25 10:49:19 | INFO |        1.000 |        1           1              0.000 
2025-02-25 10:49:19 | INFO |        1.000 |        2           1              0.000 
2025-02-25 10:49:19 | INFO |        1.000 |        3           2              0.000 
2025-02-25 10:49:19 | INFO |        1.000 |        4           2              0.000 
2025-02-25 10:49:19 | INFO | Algebraic mode change at t = 1.00001
2025-02-25 10:49:19 | INFO |        1.000 |        5           2              0.000 
2025-02-25 10:49:19 | INFO | calculation of the new starting point of the simulation.
2025-02-25 10:49:19 | INFO |        1.000 |        0           0              0.000 
2025-02-25 10:49:19 | INFO |        1.000 |        1           1              0.000 
2025-02-25 10:49:19 | INFO |        1.000 |        2           1              0.000 
2025-02-25 10:49:19 | INFO |        1.000 |        3           2              0.000 
2025-02-25 10:49:19 | INFO |        1.000 |        4           2              0.000 
2025-02-25 10:49:19 | INFO |        1.000 |        4           2              0.000 
2025-02-25 10:49:19 | INFO |        1.000 |        4           2              0.000 
2025-02-25 10:49:19 | INFO |        1.000 |        5           2              0.000 
2025-02-25 10:49:19 | INFO |        1.000 |        6           2              0.000 
2025-02-25 10:49:19 | INFO |        1.000 |        7           2              0.000 
2025-02-25 10:49:19 | INFO |        1.000 |        8           2              0.000 
2025-02-25 10:49:19 | INFO |        1.000 |        9           2              0.000 
2025-02-25 10:49:19 | INFO |        1.001 |       10           2              0.000 
2025-02-25 10:49:19 | INFO |        1.001 |       11           2              0.001 
2025-02-25 10:49:19 | INFO |        1.002 |       12           2              0.001 
2025-02-25 10:49:19 | INFO |        1.004 |       13           2              0.002 
2025-02-25 10:49:19 | INFO | Algebraic mode change at t = 1.00759
2025-02-25 10:49:19 | INFO |        1.008 |       14           2              0.004 
2025-02-25 10:49:19 | INFO | calculation of the new starting point of the simulation.
2025-02-25 10:49:19 | INFO |        1.008 |        0           0              0.000 
2025-02-25 10:49:19 | INFO |        1.008 |        1           1              0.000 
2025-02-25 10:49:19 | INFO |        1.008 |        2           1              0.000 
2025-02-25 10:49:19 | INFO |        1.008 |        3           2              0.000 
2025-02-25 10:49:20 | INFO |        1.008 |        4           2              0.000 
2025-02-25 10:49:20 | INFO |        1.008 |        5           2              0.000 
2025-02-25 10:49:20 | INFO |        1.008 |        6           2              0.000 
2025-02-25 10:49:20 | INFO |        1.008 |        7           2              0.000 
2025-02-25 10:49:20 | INFO |        1.008 |        8           2              0.000 
2025-02-25 10:49:20 | INFO |        1.008 |        9           2              0.000 
2025-02-25 10:49:20 | INFO |        1.008 |       10           2              0.000 
2025-02-25 10:49:20 | INFO |        1.009 |       11           2              0.001 
2025-02-25 10:49:20 | INFO |        1.010 |       12           2              0.001 
2025-02-25 10:49:20 | INFO |        1.012 |       13           2              0.002 
2025-02-25 10:49:20 | INFO |        1.016 |       14           2              0.004 
2025-02-25 10:49:20 | INFO |        1.024 |       15           2              0.008 
2025-02-25 10:49:20 | INFO |        1.032 |       16           2              0.008 
2025-02-25 10:49:20 | INFO |        1.040 |       17           2              0.008 
2025-02-25 10:49:20 | INFO |        1.049 |       18           2              0.008 
2025-02-25 10:49:20 | INFO |        1.057 |       19           2              0.008 
2025-02-25 10:49:20 | INFO |        1.065 |       20           2              0.008 
2025-02-25 10:49:20 | INFO |        1.073 |       21           2              0.008 
2025-02-25 10:49:20 | INFO |        1.090 |       22           2              0.016 
2025-02-25 10:49:20 | INFO | Algebraic mode change at t = 1.0958
2025-02-25 10:49:20 | INFO |        1.096 |       23           2              0.016 
2025-02-25 10:49:20 | INFO | calculation of the new starting point of the simulation.
2025-02-25 10:49:20 | INFO |        1.096 |        0           0              0.000 
2025-02-25 10:49:20 | INFO |        1.096 |        1           1              0.000 
2025-02-25 10:49:20 | INFO |        1.096 |        2           1              0.000 
2025-02-25 10:49:20 | INFO |        1.096 |        3           2              0.000 
2025-02-25 10:49:20 | INFO |        1.096 |        4           2              0.000 
2025-02-25 10:49:20 | INFO |        1.096 |        5           2              0.000 
2025-02-25 10:49:20 | INFO |        1.096 |        6           2              0.000 
2025-02-25 10:49:20 | INFO |        1.096 |        7           2              0.000 
2025-02-25 10:49:20 | INFO |        1.096 |        8           2              0.000 
2025-02-25 10:49:20 | INFO |        1.096 |        9           2              0.000 
2025-02-25 10:49:20 | INFO |        1.096 |       10           2              0.000 
2025-02-25 10:49:20 | INFO |        1.097 |       11           2              0.001 
2025-02-25 10:49:20 | INFO |        1.098 |       12           2              0.001 
2025-02-25 10:49:20 | INFO |        1.100 |       13           2              0.002 
2025-02-25 10:49:20 | INFO |        1.104 |       14           2              0.004 
2025-02-25 10:49:20 | INFO |        1.112 |       15           2              0.008 
2025-02-25 10:49:20 | INFO |        1.129 |       16           2              0.016 
2025-02-25 10:49:20 | INFO |        1.145 |       17           2              0.016 
2025-02-25 10:49:20 | INFO |        1.161 |       18           2              0.016 
2025-02-25 10:49:20 | INFO |        1.178 |       19           2              0.016 
2025-02-25 10:49:20 | INFO |        1.194 |       20           2              0.016 
2025-02-25 10:49:20 | INFO |        1.195 |       21           2              0.033 
2025-02-25 10:49:20 | INFO |        1.227 |       21           2              0.033 
2025-02-25 10:49:20 | INFO |        1.260 |       22           2              0.033 
2025-02-25 10:49:20 | INFO |        1.278 |       23           2              0.033 
2025-02-25 10:49:20 | INFO |        1.292 |       23           2              0.033 
2025-02-25 10:49:20 | INFO |        1.325 |       24           2              0.033 
2025-02-25 10:49:20 | INFO |        1.358 |       25           2              0.033 
2025-02-25 10:49:20 | INFO |        1.391 |       26           2              0.033 
2025-02-25 10:49:20 | INFO |        1.423 |       27           2              0.033 
2025-02-25 10:49:20 | INFO |        1.456 |       28           2              0.033 
2025-02-25 10:49:20 | INFO |        1.489 |       29           2              0.033 
2025-02-25 10:49:20 | INFO | Algebraic mode (with J recalculation) change at t = 1.5
2025-02-25 10:49:20 | INFO |        1.500 |       30           2              0.046 
2025-02-25 10:49:20 | INFO | calculation of the new starting point of the simulation.
2025-02-25 10:49:21 | INFO |        1.500 |        0           0              0.000 
2025-02-25 10:49:21 | INFO |        1.500 |        1           1              0.000 
2025-02-25 10:49:21 | INFO |        1.500 |        2           1              0.000 
2025-02-25 10:49:21 | INFO |        1.500 |        3           2              0.000 
2025-02-25 10:49:21 | INFO |        1.500 |        4           2              0.000 
2025-02-25 10:49:21 | INFO |        1.500 |        5           2              0.000 
2025-02-25 10:49:21 | INFO |        1.500 |        6           2              0.000 
2025-02-25 10:49:21 | INFO |        1.500 |        7           2              0.000 
2025-02-25 10:49:21 | INFO |        1.500 |        8           2              0.000 
2025-02-25 10:49:21 | INFO |        1.500 |        9           2              0.000 
2025-02-25 10:49:21 | INFO |        1.501 |       10           2              0.000 
2025-02-25 10:49:21 | INFO |        1.501 |       11           2              0.001 
2025-02-25 10:49:21 | INFO |        1.502 |       12           2              0.001 
2025-02-25 10:49:21 | INFO |        1.504 |       13           2              0.002 
2025-02-25 10:49:21 | INFO |        1.508 |       14           2              0.004 
2025-02-25 10:49:21 | INFO |        1.512 |       15           2              0.004 
2025-02-25 10:49:21 | INFO |        1.516 |       16           2              0.004 
2025-02-25 10:49:21 | INFO |        1.520 |       17           2              0.004 
2025-02-25 10:49:21 | INFO |        1.529 |       18           2              0.008 
2025-02-25 10:49:21 | INFO |        1.537 |       19           2              0.008 
2025-02-25 10:49:21 | INFO |        1.545 |       20           2              0.008 
2025-02-25 10:49:21 | INFO |        1.553 |       21           2              0.008 
2025-02-25 10:49:21 | INFO |        1.557 |       22           2              0.008 
2025-02-25 10:49:21 | INFO |        1.557 |       22           2              0.008 
2025-02-25 10:49:21 | INFO | Algebraic mode change at t = 1.5567
2025-02-25 10:49:21 | INFO |        1.557 |       22           2              0.008 
2025-02-25 10:49:21 | INFO | calculation of the new starting point of the simulation.
2025-02-25 10:49:21 | INFO |        1.557 |        0           0              0.000 
2025-02-25 10:49:21 | INFO |        1.557 |        1           1              0.000 
2025-02-25 10:49:21 | INFO |        1.557 |        2           1              0.000 
2025-02-25 10:49:21 | INFO |        1.557 |        3           2              0.000 
2025-02-25 10:49:21 | INFO |        1.557 |        4           2              0.000 
2025-02-25 10:49:21 | INFO |        1.557 |        5           2              0.000 
2025-02-25 10:49:21 | INFO |        1.557 |        6           2              0.000 
2025-02-25 10:49:21 | INFO |        1.557 |        7           2              0.000 
2025-02-25 10:49:21 | INFO |        1.557 |        8           2              0.000 
2025-02-25 10:49:21 | INFO |        1.557 |        9           2              0.000 
2025-02-25 10:49:21 | INFO |        1.557 |       10           2              0.000 
2025-02-25 10:49:21 | INFO |        1.558 |       11           2              0.001 
2025-02-25 10:49:21 | INFO |        1.559 |       12           2              0.001 
2025-02-25 10:49:21 | INFO |        1.561 |       13           2              0.002 
2025-02-25 10:49:21 | INFO |        1.565 |       14           2              0.004 
2025-02-25 10:49:21 | INFO |        1.573 |       15           2              0.008 
2025-02-25 10:49:21 | INFO |        1.589 |       16           2              0.016 
2025-02-25 10:49:21 | INFO | Algebraic mode change at t = 1.59785
2025-02-25 10:49:21 | INFO |        1.598 |       17           2              0.016 
2025-02-25 10:49:21 | INFO | calculation of the new starting point of the simulation.
2025-02-25 10:49:21 | INFO | Algebraic mode change at t = 1.59785
2025-02-25 10:49:21 | INFO |        1.598 |        0           0              0.000 
2025-02-25 10:49:21 | INFO |        1.598 |        1           1              0.000 
2025-02-25 10:49:21 | INFO |        1.598 |        2           1              0.000 
2025-02-25 10:49:21 | INFO |        1.598 |        3           2              0.000 
2025-02-25 10:49:22 | INFO |        1.598 |        4           2              0.000 
2025-02-25 10:49:22 | INFO |        1.598 |        5           2              0.000 
2025-02-25 10:49:22 | INFO | Algebraic mode change at t = 1.59787
2025-02-25 10:49:22 | INFO |        1.598 |        6           2              0.000 
2025-02-25 10:49:22 | INFO | calculation of the new starting point of the simulation.
2025-02-25 10:49:22 | INFO |        1.598 |        0           0              0.000 
2025-02-25 10:49:22 | INFO |        1.598 |        1           1              0.000 
2025-02-25 10:49:22 | INFO |        1.598 |        2           1              0.000 
2025-02-25 10:49:22 | INFO |        1.598 |        3           2              0.000 
2025-02-25 10:49:22 | INFO |        1.598 |        4           2              0.000 
2025-02-25 10:49:22 | INFO |        1.598 |        5           2              0.000 
2025-02-25 10:49:22 | INFO |        1.598 |        6           2              0.000 
2025-02-25 10:49:22 | INFO |        1.598 |        7           2              0.000 
2025-02-25 10:49:22 | INFO |        1.598 |        8           2              0.000 
2025-02-25 10:49:22 | INFO |        1.598 |        9           2              0.000 
2025-02-25 10:49:22 | INFO |        1.598 |       10           2              0.000 
2025-02-25 10:49:22 | INFO |        1.599 |       11           2              0.001 
2025-02-25 10:49:22 | INFO |        1.600 |       12           2              0.001 
2025-02-25 10:49:22 | INFO |        1.602 |       13           2              0.002 
2025-02-25 10:49:22 | INFO |        1.606 |       14           2              0.004 
2025-02-25 10:49:22 | INFO |        1.614 |       15           2              0.008 
2025-02-25 10:49:22 | INFO |        1.619 |       16           2              0.016 
2025-02-25 10:49:22 | INFO |        1.631 |       16           2              0.016 
2025-02-25 10:49:22 | INFO |        1.647 |       17           2              0.016 
2025-02-25 10:49:22 | INFO |        1.663 |       18           2              0.016 
2025-02-25 10:49:22 | INFO |        1.680 |       19           2              0.016 
2025-02-25 10:49:22 | INFO |        1.696 |       20           2              0.016 
2025-02-25 10:49:22 | INFO |        1.713 |       21           2              0.016 
2025-02-25 10:49:22 | INFO |        1.717 |       22           2              0.016 
2025-02-25 10:49:22 | INFO |        1.717 |       22           2              0.016 
2025-02-25 10:49:22 | INFO | Algebraic mode change at t = 1.71654
2025-02-25 10:49:22 | INFO |        1.717 |       22           2              0.016 
2025-02-25 10:49:22 | INFO | calculation of the new starting point of the simulation.
2025-02-25 10:49:22 | INFO |        1.717 |        0           0              0.000 
2025-02-25 10:49:22 | INFO |        1.717 |        1           1              0.000 
2025-02-25 10:49:22 | INFO |        1.717 |        2           1              0.000 
2025-02-25 10:49:22 | INFO |        1.717 |        3           2              0.000 
2025-02-25 10:49:22 | INFO |        1.717 |        4           2              0.000 
2025-02-25 10:49:22 | INFO |        1.717 |        5           2              0.000 
2025-02-25 10:49:22 | INFO |        1.717 |        6           2              0.000 
2025-02-25 10:49:22 | INFO |        1.717 |        7           2              0.000 
2025-02-25 10:49:22 | INFO |        1.717 |        8           2              0.000 
2025-02-25 10:49:22 | INFO |        1.717 |        9           2              0.000 
2025-02-25 10:49:22 | INFO |        1.717 |       10           2              0.000 
2025-02-25 10:49:22 | INFO |        1.717 |       11           2              0.001 
2025-02-25 10:49:22 | INFO |        1.718 |       11           2              0.001 
2025-02-25 10:49:22 | INFO |        1.719 |       12           2              0.001 
2025-02-25 10:49:22 | INFO |        1.721 |       13           2              0.002 
2025-02-25 10:49:22 | INFO |        1.725 |       14           2              0.004 
2025-02-25 10:49:22 | INFO | Algebraic mode change at t = 1.73079
2025-02-25 10:49:22 | INFO |        1.731 |       15           2              0.008 
2025-02-25 10:49:22 | INFO | calculation of the new starting point of the simulation.
2025-02-25 10:49:22 | INFO |        1.731 |        0           0              0.000 
2025-02-25 10:49:22 | INFO |        1.731 |        1           1              0.000 
2025-02-25 10:49:22 | INFO |        1.731 |        2           1              0.000 
2025-02-25 10:49:23 | INFO |        1.731 |        3           2              0.000 
2025-02-25 10:49:23 | INFO |        1.731 |        4           2              0.000 
2025-02-25 10:49:23 | INFO |        1.731 |        5           2              0.000 
2025-02-25 10:49:23 | INFO |        1.731 |        6           2              0.000 
2025-02-25 10:49:23 | INFO |        1.731 |        7           2              0.000 
2025-02-25 10:49:23 | INFO |        1.731 |        8           2              0.000 
2025-02-25 10:49:23 | INFO |        1.731 |        9           2              0.000 
2025-02-25 10:49:23 | INFO |        1.731 |       10           2              0.000 
2025-02-25 10:49:23 | INFO |        1.732 |       11           2              0.001 
2025-02-25 10:49:23 | INFO |        1.733 |       12           2              0.001 
2025-02-25 10:49:23 | INFO |        1.733 |       13           2              0.002 
2025-02-25 10:49:23 | INFO |        1.735 |       13           2              0.002 
2025-02-25 10:49:23 | INFO |        1.739 |       14           2              0.004 
2025-02-25 10:49:23 | INFO |        1.747 |       15           2              0.008 
2025-02-25 10:49:23 | INFO |        1.764 |       16           2              0.016 
2025-02-25 10:49:23 | INFO |        1.780 |       17           2              0.016 
2025-02-25 10:49:23 | INFO |        1.796 |       18           2              0.016 
2025-02-25 10:49:23 | INFO |        1.813 |       19           2              0.016 
2025-02-25 10:49:23 | INFO |        1.829 |       20           2              0.016 
2025-02-25 10:49:23 | INFO |        1.845 |       21           2              0.016 
2025-02-25 10:49:23 | INFO |        1.862 |       22           2              0.016 
2025-02-25 10:49:23 | INFO |        1.878 |       23           2              0.016 
2025-02-25 10:49:23 | INFO | Algebraic mode change at t = 1.89366
2025-02-25 10:49:23 | INFO |        1.894 |       24           2              0.016 
2025-02-25 10:49:23 | INFO | calculation of the new starting point of the simulation.
2025-02-25 10:49:23 | INFO |        1.894 |        0           0              0.000 
2025-02-25 10:49:23 | INFO |        1.894 |        1           1              0.000 
2025-02-25 10:49:23 | INFO |        1.894 |        1           1              0.000 
2025-02-25 10:49:23 | INFO |        1.894 |        1           1              0.000 
2025-02-25 10:49:23 | INFO |        1.894 |        2           1              0.000 
2025-02-25 10:49:23 | INFO |        1.894 |        3           2              0.000 
2025-02-25 10:49:23 | INFO |        1.894 |        4           2              0.000 
2025-02-25 10:49:23 | INFO |        1.894 |        5           2              0.000 
2025-02-25 10:49:23 | INFO |        1.894 |        6           2              0.000 
2025-02-25 10:49:23 | INFO |        1.894 |        7           2              0.000 
2025-02-25 10:49:23 | INFO |        1.894 |        8           2              0.000 
2025-02-25 10:49:23 | INFO |        1.894 |        9           2              0.000 
2025-02-25 10:49:23 | INFO |        1.894 |       10           2              0.000 
2025-02-25 10:49:23 | INFO |        1.895 |       11           2              0.001 
2025-02-25 10:49:23 | INFO |        1.896 |       12           2              0.001 
2025-02-25 10:49:23 | INFO |        1.898 |       13           2              0.002 
2025-02-25 10:49:23 | INFO |        1.902 |       14           2              0.004 
2025-02-25 10:49:23 | INFO |        1.910 |       15           2              0.008 
2025-02-25 10:49:23 | INFO |        1.926 |       16           2              0.016 
2025-02-25 10:49:23 | INFO |        1.930 |       17           2              0.016 
2025-02-25 10:49:23 | INFO |        1.943 |       17           2              0.016 
2025-02-25 10:49:23 | INFO |        1.950 |       18           2              0.016 
2025-02-25 10:49:23 | INFO |        1.959 |       18           2              0.016 
2025-02-25 10:49:23 | INFO |        1.966 |       19           2              0.016 
2025-02-25 10:49:23 | INFO |        1.976 |       19           2              0.016 
2025-02-25 10:49:23 | INFO |        1.992 |       20           2              0.016 
2025-02-25 10:49:23 | INFO |        2.005 |       21           2              0.016 
2025-02-25 10:49:23 | INFO |        2.006 |       21           2              0.016 
2025-02-25 10:49:23 | INFO |        2.008 |       21           2              0.016 
2025-02-25 10:49:23 | INFO |        2.025 |       22           2              0.016 
2025-02-25 10:49:23 | INFO |        2.041 |       23           2              0.016 
2025-02-25 10:49:23 | INFO |        2.047 |       24           2              0.016 
2025-02-25 10:49:23 | INFO |        2.047 |       24           2              0.016 
2025-02-25 10:49:23 | INFO | Algebraic mode change at t = 2.04749
2025-02-25 10:49:23 | INFO |        2.047 |       24           2              0.016 
2025-02-25 10:49:23 | INFO | calculation of the new starting point of the simulation.
2025-02-25 10:49:23 | INFO |        2.047 |        0           0              0.000 
2025-02-25 10:49:23 | INFO |        2.047 |        1           1              0.000 
2025-02-25 10:49:23 | INFO |        2.047 |        2           1              0.000 
2025-02-25 10:49:23 | INFO |        2.047 |        3           2              0.000 
2025-02-25 10:49:24 | INFO |        2.047 |        4           2              0.000 
2025-02-25 10:49:24 | INFO |        2.048 |        5           2              0.000 
2025-02-25 10:49:24 | INFO |        2.048 |        6           2              0.000 
2025-02-25 10:49:24 | INFO |        2.048 |        7           2              0.000 
2025-02-25 10:49:24 | INFO |        2.048 |        8           2              0.000 
2025-02-25 10:49:24 | INFO |        2.048 |        9           2              0.000 
2025-02-25 10:49:24 | INFO |        2.048 |       10           2              0.000 
2025-02-25 10:49:24 | INFO |        2.049 |       11           2              0.001 
2025-02-25 10:49:24 | INFO |        2.050 |       12           2              0.001 
2025-02-25 10:49:24 | INFO |        2.052 |       13           2              0.002 
2025-02-25 10:49:24 | INFO |        2.056 |       14           2              0.004 
2025-02-25 10:49:24 | INFO |        2.064 |       15           2              0.008 
2025-02-25 10:49:24 | INFO |        2.066 |       16           2              0.016 
2025-02-25 10:49:24 | INFO |        2.080 |       16           2              0.016 
2025-02-25 10:49:24 | INFO |        2.097 |       17           2              0.016 
2025-02-25 10:49:24 | INFO |        2.105 |       18           2              0.016 
2025-02-25 10:49:24 | INFO |        2.111 |       18           2              0.016 
2025-02-25 10:49:24 | INFO |        2.113 |       18           2              0.016 
2025-02-25 10:49:24 | INFO | Algebraic mode change at t = 2.12523
2025-02-25 10:49:24 | INFO |        2.125 |       19           2              0.016 
2025-02-25 10:49:24 | INFO | calculation of the new starting point of the simulation.
2025-02-25 10:49:24 | INFO |        2.125 |        0           0              0.000 
2025-02-25 10:49:24 | INFO |        2.125 |        1           1              0.000 
2025-02-25 10:49:24 | INFO |        2.125 |        1           1              0.000 
2025-02-25 10:49:24 | INFO |        2.125 |        1           1              0.000 
2025-02-25 10:49:24 | INFO |        2.125 |        2           1              0.000 
2025-02-25 10:49:24 | INFO |        2.125 |        3           2              0.000 
2025-02-25 10:49:24 | INFO |        2.125 |        4           2              0.000 
2025-02-25 10:49:24 | INFO |        2.125 |        5           2              0.000 
2025-02-25 10:49:24 | INFO |        2.125 |        6           2              0.000 
2025-02-25 10:49:24 | INFO |        2.125 |        7           2              0.000 
2025-02-25 10:49:24 | INFO |        2.125 |        8           2              0.000 
2025-02-25 10:49:24 | INFO |        2.125 |        9           2              0.000 
2025-02-25 10:49:24 | INFO |        2.126 |       10           2              0.000 
2025-02-25 10:49:24 | INFO |        2.126 |       11           2              0.001 
2025-02-25 10:49:24 | INFO |        2.127 |       12           2              0.001 
2025-02-25 10:49:24 | INFO |        2.129 |       13           2              0.002 
2025-02-25 10:49:24 | INFO |        2.133 |       14           2              0.004 
2025-02-25 10:49:24 | INFO |        2.142 |       15           2              0.008 
2025-02-25 10:49:24 | INFO |        2.158 |       16           2              0.016 
2025-02-25 10:49:24 | INFO |        2.174 |       17           2              0.016 
2025-02-25 10:49:24 | INFO |        2.184 |       18           2              0.016 
2025-02-25 10:49:24 | INFO |        2.191 |       18           2              0.016 
2025-02-25 10:49:24 | INFO |        2.207 |       19           2              0.016 
2025-02-25 10:49:24 | INFO |        2.240 |       20           2              0.033 
2025-02-25 10:49:24 | INFO |        2.250 |       21           2              0.029 
2025-02-25 10:49:24 | INFO |        2.269 |       21           2              0.029 
2025-02-25 10:49:24 | INFO |        2.299 |       22           2              0.029 
2025-02-25 10:49:24 | INFO |        2.328 |       23           2              0.029 
2025-02-25 10:49:24 | INFO |        2.355 |       24           2              0.027 
2025-02-25 10:49:24 | INFO | Algebraic mode change at t = 2.36435
2025-02-25 10:49:24 | INFO |        2.364 |       25           2              0.024 
2025-02-25 10:49:24 | INFO | calculation of the new starting point of the simulation.
2025-02-25 10:49:24 | INFO |        2.364 |        0           0              0.000 
2025-02-25 10:49:24 | INFO |        2.364 |        1           1              0.000 
2025-02-25 10:49:24 | INFO |        2.364 |        2           1              0.000 
2025-02-25 10:49:24 | INFO |        2.364 |        3           2              0.000 
2025-02-25 10:49:24 | INFO |        2.364 |        4           2              0.000 
2025-02-25 10:49:24 | INFO |        2.364 |        4           2              0.000 
2025-02-25 10:49:24 | INFO |        2.364 |        4           2              0.000 
2025-02-25 10:49:25 | INFO |        2.364 |        5           2              0.000 
2025-02-25 10:49:25 | INFO |        2.364 |        6           2              0.000 
2025-02-25 10:49:25 | INFO |        2.364 |        7           2              0.000 
2025-02-25 10:49:25 | INFO |        2.364 |        8           2              0.000 
2025-02-25 10:49:25 | INFO |        2.365 |        9           2              0.000 
2025-02-25 10:49:25 | INFO |        2.365 |       10           2              0.000 
2025-02-25 10:49:25 | INFO |        2.365 |       11           2              0.001 
2025-02-25 10:49:25 | INFO |        2.366 |       12           2              0.001 
2025-02-25 10:49:25 | INFO |        2.368 |       13           2              0.002 
2025-02-25 10:49:25 | INFO |        2.373 |       14           2              0.004 
2025-02-25 10:49:25 | INFO |        2.375 |       15           2              0.008 
2025-02-25 10:49:25 | INFO |        2.376 |       15           2              0.008 
2025-02-25 10:49:25 | INFO |        2.381 |       15           2              0.008 
2025-02-25 10:49:25 | INFO |        2.396 |       16           2              0.016 
2025-02-25 10:49:25 | INFO |        2.397 |       16           2              0.016 
2025-02-25 10:49:25 | INFO |        2.414 |       17           2              0.016 
2025-02-25 10:49:25 | INFO |        2.430 |       18           2              0.016 
2025-02-25 10:49:25 | INFO |        2.446 |       19           2              0.016 
2025-02-25 10:49:25 | INFO |        2.446 |       20           2              0.016 
2025-02-25 10:49:25 | INFO |        2.463 |       20           2              0.016 
2025-02-25 10:49:25 | INFO |        2.479 |       21           2              0.016 
2025-02-25 10:49:25 | INFO |        2.495 |       22           2              0.016 
2025-02-25 10:49:25 | INFO |        2.512 |       23           2              0.016 
2025-02-25 10:49:25 | INFO |        2.528 |       24           2              0.016 
2025-02-25 10:49:25 | INFO |        2.545 |       25           2              0.016 
2025-02-25 10:49:25 | INFO |        2.561 |       26           2              0.016 
2025-02-25 10:49:25 | INFO |        2.594 |       27           2              0.033 
2025-02-25 10:49:25 | INFO |        2.623 |       28           2              0.029 
2025-02-25 10:49:25 | INFO |        2.628 |       29           2              0.029 
2025-02-25 10:49:25 | INFO |        2.653 |       29           2              0.029 
2025-02-25 10:49:25 | INFO |        2.672 |       30           2              0.029 
2025-02-25 10:49:25 | INFO |        2.682 |       30           2              0.029 
2025-02-25 10:49:25 | INFO |        2.710 |       31           2              0.029 
2025-02-25 10:49:25 | INFO |        2.712 |       31           2              0.029 
2025-02-25 10:49:25 | INFO |        2.722 |       32           2              0.029 
2025-02-25 10:49:25 | INFO |        2.722 |       32           2              0.029 
2025-02-25 10:49:25 | INFO | Algebraic mode change at t = 2.72165
2025-02-25 10:49:25 | INFO |        2.722 |       32           2              0.029 
2025-02-25 10:49:25 | INFO | calculation of the new starting point of the simulation.
2025-02-25 10:49:25 | INFO |        2.722 |        0           0              0.000 
2025-02-25 10:49:25 | INFO |        2.722 |        1           1              0.000 
2025-02-25 10:49:25 | INFO |        2.722 |        2           1              0.000 
2025-02-25 10:49:25 | INFO |        2.722 |        3           2              0.000 
2025-02-25 10:49:25 | INFO |        2.722 |        4           2              0.000 
2025-02-25 10:49:25 | INFO |        2.722 |        5           2              0.000 
2025-02-25 10:49:25 | INFO |        2.722 |        6           2              0.000 
2025-02-25 10:49:25 | INFO |        2.722 |        7           2              0.000 
2025-02-25 10:49:25 | INFO |        2.722 |        8           2              0.000 
2025-02-25 10:49:25 | INFO |        2.722 |        9           2              0.000 
2025-02-25 10:49:25 | INFO |        2.722 |       10           2              0.000 
2025-02-25 10:49:25 | INFO |        2.723 |       11           2              0.001 
2025-02-25 10:49:25 | INFO |        2.724 |       12           2              0.001 
2025-02-25 10:49:25 | INFO |        2.726 |       13           2              0.002 
2025-02-25 10:49:25 | INFO |        2.730 |       14           2              0.004 
2025-02-25 10:49:25 | INFO |        2.738 |       15           2              0.008 
2025-02-25 10:49:25 | INFO |        2.754 |       16           2              0.016 
2025-02-25 10:49:25 | INFO |        2.771 |       17           2              0.016 
2025-02-25 10:49:25 | INFO |        2.804 |       18           2              0.033 
2025-02-25 10:49:25 | INFO |        2.833 |       19           2              0.029 
2025-02-25 10:49:25 | INFO |        2.861 |       20           2              0.029 
2025-02-25 10:49:25 | INFO |        2.863 |       20           2              0.029 
2025-02-25 10:49:25 | INFO |        2.892 |       21           2              0.029 
2025-02-25 10:49:25 | INFO |        2.902 |       22           2              0.029 
2025-02-25 10:49:25 | INFO |        2.902 |       22           2              0.029 
2025-02-25 10:49:25 | INFO | Algebraic mode change at t = 2.90212
2025-02-25 10:49:25 | INFO |        2.902 |       22           2              0.029 
2025-02-25 10:49:25 | INFO | calculation of the new starting point of the simulation.
2025-02-25 10:49:25 | INFO |        2.902 |        0           0              0.000 
2025-02-25 10:49:25 | INFO |        2.902 |        1           1              0.000 
2025-02-25 10:49:25 | INFO |        2.902 |        2           1              0.000 
2025-02-25 10:49:25 | INFO |        2.902 |        3           2              0.000 
2025-02-25 10:49:26 | INFO |        2.902 |        4           2              0.000 
2025-02-25 10:49:26 | INFO |        2.902 |        5           2              0.000 
2025-02-25 10:49:26 | INFO |        2.902 |        6           2              0.000 
2025-02-25 10:49:26 | INFO |        2.902 |        7           2              0.000 
2025-02-25 10:49:26 | INFO |        2.902 |        8           2              0.000 
2025-02-25 10:49:26 | INFO |        2.902 |        9           2              0.000 
2025-02-25 10:49:26 | INFO |        2.903 |       10           2              0.000 
2025-02-25 10:49:26 | INFO |        2.903 |       11           2              0.001 
2025-02-25 10:49:26 | INFO |        2.904 |       12           2              0.001 
2025-02-25 10:49:26 | INFO |        2.906 |       13           2              0.002 
2025-02-25 10:49:26 | INFO |        2.910 |       14           2              0.004 
2025-02-25 10:49:26 | INFO |        2.919 |       15           2              0.008 
2025-02-25 10:49:26 | INFO |        2.935 |       16           2              0.016 
2025-02-25 10:49:26 | INFO |        2.947 |       17           2              0.016 
2025-02-25 10:49:26 | INFO |        2.951 |       17           2              0.016 
2025-02-25 10:49:26 | INFO |        2.968 |       18           2              0.016 
2025-02-25 10:49:26 | INFO |        2.984 |       19           2              0.016 
2025-02-25 10:49:26 | INFO |        2.989 |       20           2              0.016 
2025-02-25 10:49:26 | INFO |        3.000 |       20           2              0.016 
2025-02-25 10:49:26 | INFO |        3.017 |       21           2              0.016 
2025-02-25 10:49:26 | INFO |        3.033 |       22           2              0.016 
2025-02-25 10:49:26 | INFO |        3.047 |       23           2              0.016 
2025-02-25 10:49:26 | INFO |        3.050 |       23           2              0.016 
2025-02-25 10:49:26 | INFO |        3.066 |       24           2              0.016 
2025-02-25 10:49:26 | INFO |        3.082 |       25           2              0.016 
2025-02-25 10:49:26 | INFO |        3.099 |       26           2              0.016 
2025-02-25 10:49:26 | INFO |        3.115 |       27           2              0.016 
2025-02-25 10:49:26 | INFO | Algebraic mode change at t = 3.1307
2025-02-25 10:49:26 | INFO |        3.131 |       28           2              0.016 
2025-02-25 10:49:26 | INFO | calculation of the new starting point of the simulation.
2025-02-25 10:49:26 | INFO |        3.131 |        0           0              0.000 
2025-02-25 10:49:26 | INFO |        3.131 |        1           1              0.000 
2025-02-25 10:49:26 | INFO |        3.131 |        2           1              0.000 
2025-02-25 10:49:26 | INFO |        3.131 |        2           1              0.000 
2025-02-25 10:49:26 | INFO |        3.131 |        2           1              0.000 
2025-02-25 10:49:26 | INFO |        3.131 |        3           2              0.000 
2025-02-25 10:49:26 | INFO |        3.131 |        4           2              0.000 
2025-02-25 10:49:26 | INFO |        3.131 |        5           2              0.000 
2025-02-25 10:49:26 | INFO |        3.131 |        6           2              0.000 
2025-02-25 10:49:26 | INFO |        3.131 |        7           2              0.000 
2025-02-25 10:49:26 | INFO |        3.131 |        8           2              0.000 
2025-02-25 10:49:26 | INFO |        3.131 |        9           2              0.000 
2025-02-25 10:49:26 | INFO |        3.131 |       10           2              0.000 
2025-02-25 10:49:26 | INFO |        3.132 |       11           2              0.001 
2025-02-25 10:49:26 | INFO |        3.133 |       12           2              0.001 
2025-02-25 10:49:26 | INFO |        3.135 |       13           2              0.002 
2025-02-25 10:49:26 | INFO |        3.139 |       14           2              0.004 
2025-02-25 10:49:26 | INFO |        3.147 |       15           2              0.008 
2025-02-25 10:49:26 | INFO |        3.163 |       16           2              0.016 
2025-02-25 10:49:26 | INFO | Algebraic mode change at t = 3.17123
2025-02-25 10:49:26 | INFO |        3.171 |       17           2              0.016 
2025-02-25 10:49:26 | INFO | calculation of the new starting point of the simulation.
2025-02-25 10:49:26 | INFO |        3.171 |        0           0              0.000 
2025-02-25 10:49:27 | INFO |        3.171 |        1           1              0.000 
2025-02-25 10:49:27 | INFO |        3.171 |        2           1              0.000 
2025-02-25 10:49:27 | INFO |        3.171 |        2           1              0.000 
2025-02-25 10:49:27 | INFO |        3.171 |        2           1              0.000 
2025-02-25 10:49:27 | INFO |        3.171 |        3           2              0.000 
2025-02-25 10:49:27 | INFO |        3.171 |        4           2              0.000 
2025-02-25 10:49:27 | INFO |        3.171 |        5           2              0.000 
2025-02-25 10:49:27 | INFO |        3.171 |        6           2              0.000 
2025-02-25 10:49:27 | INFO |        3.171 |        7           2              0.000 
2025-02-25 10:49:27 | INFO |        3.171 |        8           2              0.000 
2025-02-25 10:49:27 | INFO |        3.171 |        9           2              0.000 
2025-02-25 10:49:27 | INFO |        3.172 |       10           2              0.000 
2025-02-25 10:49:27 | INFO |        3.172 |       11           2              0.001 
2025-02-25 10:49:27 | INFO |        3.173 |       12           2              0.001 
2025-02-25 10:49:27 | INFO |        3.175 |       13           2              0.002 
2025-02-25 10:49:27 | INFO |        3.179 |       14           2              0.004 
2025-02-25 10:49:27 | INFO |        3.188 |       15           2              0.008 
2025-02-25 10:49:27 | INFO |        3.204 |       16           2              0.016 
2025-02-25 10:49:27 | INFO |        3.237 |       17           2              0.033 
2025-02-25 10:49:27 | INFO |        3.270 |       18           2              0.033 
2025-02-25 10:49:27 | INFO |        3.302 |       19           2              0.033 
2025-02-25 10:49:27 | INFO |        3.318 |       20           2              0.033 
2025-02-25 10:49:27 | INFO |        3.335 |       20           2              0.033 
2025-02-25 10:49:27 | INFO |        3.368 |       21           2              0.033 
2025-02-25 10:49:27 | INFO |        3.397 |       22           2              0.029 
2025-02-25 10:49:27 | INFO |        3.414 |       23           2              0.029 
2025-02-25 10:49:27 | INFO |        3.427 |       23           2              0.029 
2025-02-25 10:49:27 | INFO |        3.453 |       24           2              0.027 
2025-02-25 10:49:27 | INFO |        3.460 |       25           2              0.027 
2025-02-25 10:49:27 | INFO |        3.480 |       25           2              0.027 
2025-02-25 10:49:27 | INFO |        3.506 |       26           2              0.027 
2025-02-25 10:49:27 | INFO |        3.533 |       27           2              0.027 
2025-02-25 10:49:27 | INFO |        3.560 |       28           2              0.027 
2025-02-25 10:49:27 | INFO |        3.573 |       29           2              0.027 
2025-02-25 10:49:27 | INFO |        3.586 |       29           2              0.027 
2025-02-25 10:49:27 | INFO |        3.613 |       30           2              0.027 
2025-02-25 10:49:27 | INFO |        3.639 |       31           2              0.027 
2025-02-25 10:49:27 | INFO |        3.666 |       32           2              0.027 
2025-02-25 10:49:27 | INFO |        3.692 |       33           2              0.027 
2025-02-25 10:49:27 | INFO |        3.719 |       34           2              0.027 
2025-02-25 10:49:27 | INFO |        3.736 |       35           2              0.027 
2025-02-25 10:49:27 | INFO |        3.736 |       35           2              0.027 
2025-02-25 10:49:27 | INFO | Algebraic mode change at t = 3.73559
2025-02-25 10:49:27 | INFO |        3.736 |       35           2              0.027 
2025-02-25 10:49:27 | INFO | calculation of the new starting point of the simulation.
2025-02-25 10:49:27 | INFO |        3.736 |        0           0              0.000 
2025-02-25 10:49:27 | INFO |        3.736 |        1           1              0.000 
2025-02-25 10:49:27 | INFO |        3.736 |        2           1              0.000 
2025-02-25 10:49:27 | INFO |        3.736 |        3           2              0.000 
2025-02-25 10:49:27 | INFO |        3.736 |        4           2              0.000 
2025-02-25 10:49:27 | INFO |        3.736 |        5           2              0.000 
2025-02-25 10:49:27 | INFO |        3.736 |        6           2              0.000 
2025-02-25 10:49:27 | INFO |        3.736 |        7           2              0.000 
2025-02-25 10:49:27 | INFO |        3.736 |        8           2              0.000 
2025-02-25 10:49:27 | INFO |        3.736 |        9           2              0.000 
2025-02-25 10:49:27 | INFO |        3.736 |       10           2              0.000 
2025-02-25 10:49:27 | INFO |        3.737 |       11           2              0.001 
2025-02-25 10:49:27 | INFO |        3.738 |       12           2              0.001 
2025-02-25 10:49:27 | INFO |        3.739 |       13           2              0.002 
2025-02-25 10:49:27 | INFO |        3.740 |       13           2              0.002 
2025-02-25 10:49:27 | INFO |        3.744 |       14           2              0.004 
2025-02-25 10:49:27 | INFO |        3.752 |       15           2              0.008 
2025-02-25 10:49:27 | INFO |        3.768 |       16           2              0.016 
2025-02-25 10:49:28 | INFO |        3.785 |       17           2              0.033 
2025-02-25 10:49:28 | INFO |        3.785 |       17           2              0.033 
2025-02-25 10:49:28 | INFO | Algebraic mode change at t = 3.78537
2025-02-25 10:49:28 | INFO |        3.785 |       17           2              0.033 
2025-02-25 10:49:28 | INFO | calculation of the new starting point of the simulation.
2025-02-25 10:49:28 | INFO |        3.785 |        0           0              0.000 
2025-02-25 10:49:28 | INFO |        3.785 |        1           1              0.000 
2025-02-25 10:49:28 | INFO |        3.785 |        2           1              0.000 
2025-02-25 10:49:28 | INFO |        3.785 |        3           2              0.000 
2025-02-25 10:49:28 | INFO |        3.785 |        4           2              0.000 
2025-02-25 10:49:28 | INFO |        3.785 |        5           2              0.000 
2025-02-25 10:49:28 | INFO |        3.785 |        6           2              0.000 
2025-02-25 10:49:28 | INFO |        3.785 |        7           2              0.000 
2025-02-25 10:49:28 | INFO |        3.786 |        8           2              0.000 
2025-02-25 10:49:28 | INFO |        3.786 |        9           2              0.000 
2025-02-25 10:49:28 | INFO |        3.786 |       10           2              0.000 
2025-02-25 10:49:28 | INFO |        3.786 |       11           2              0.001 
2025-02-25 10:49:28 | INFO |        3.787 |       12           2              0.001 
2025-02-25 10:49:28 | INFO |        3.789 |       13           2              0.002 
2025-02-25 10:49:28 | INFO |        3.794 |       14           2              0.004 
2025-02-25 10:49:28 | INFO |        3.802 |       15           2              0.008 
2025-02-25 10:49:28 | INFO |        3.818 |       16           2              0.016 
2025-02-25 10:49:28 | INFO |        3.835 |       17           2              0.016 
2025-02-25 10:49:28 | INFO |        3.867 |       18           2              0.033 
2025-02-25 10:49:28 | INFO |        3.897 |       19           2              0.029 
2025-02-25 10:49:28 | INFO |        3.926 |       20           2              0.029 
2025-02-25 10:49:28 | INFO | Algebraic mode change at t = 3.95399
2025-02-25 10:49:28 | INFO |        3.954 |       21           2              0.029 
2025-02-25 10:49:28 | INFO | calculation of the new starting point of the simulation.
2025-02-25 10:49:28 | INFO |        3.954 |        0           0              0.000 
2025-02-25 10:49:28 | INFO |        3.954 |        1           1              0.000 
2025-02-25 10:49:28 | INFO |        3.954 |        2           1              0.000 
2025-02-25 10:49:28 | INFO |        3.954 |        3           2              0.000 
2025-02-25 10:49:28 | INFO |        3.954 |        3           2              0.000 
2025-02-25 10:49:28 | INFO |        3.954 |        3           2              0.000 
2025-02-25 10:49:28 | INFO |        3.954 |        4           2              0.000 
2025-02-25 10:49:28 | INFO |        3.954 |        5           2              0.000 
2025-02-25 10:49:28 | INFO |        3.954 |        6           2              0.000 
2025-02-25 10:49:28 | INFO |        3.954 |        7           2              0.000 
2025-02-25 10:49:28 | INFO |        3.954 |        8           2              0.000 
2025-02-25 10:49:28 | INFO |        3.954 |        9           2              0.000 
2025-02-25 10:49:28 | INFO |        3.955 |       10           2              0.000 
2025-02-25 10:49:28 | INFO |        3.955 |       11           2              0.001 
2025-02-25 10:49:28 | INFO |        3.955 |       12           2              0.001 
2025-02-25 10:49:28 | INFO |        3.956 |       12           2              0.001 
2025-02-25 10:49:28 | INFO |        3.958 |       13           2              0.002 
2025-02-25 10:49:28 | INFO |        3.962 |       14           2              0.004 
2025-02-25 10:49:28 | INFO |        3.970 |       15           2              0.008 
2025-02-25 10:49:28 | INFO |        3.987 |       16           2              0.016 
2025-02-25 10:49:29 | INFO |        4.020 |       17           2              0.033 
2025-02-25 10:49:29 | INFO |        4.052 |       18           2              0.033 
2025-02-25 10:49:29 | INFO |        4.085 |       19           2              0.033 
2025-02-25 10:49:29 | INFO |        4.118 |       20           2              0.033 
2025-02-25 10:49:29 | INFO | Algebraic mode change at t = 4.14784
2025-02-25 10:49:29 | INFO |        4.148 |       21           2              0.033 
2025-02-25 10:49:29 | INFO | calculation of the new starting point of the simulation.
2025-02-25 10:49:29 | INFO |        4.148 |        0           0              0.000 
2025-02-25 10:49:29 | INFO |        4.148 |        1           1              0.000 
2025-02-25 10:49:29 | INFO |        4.148 |        2           1              0.000 
2025-02-25 10:49:29 | INFO |        4.148 |        3           2              0.000 
2025-02-25 10:49:29 | INFO |        4.148 |        3           2              0.000 
2025-02-25 10:49:29 | INFO |        4.148 |        3           2              0.000 
2025-02-25 10:49:29 | INFO |        4.148 |        4           2              0.000 
2025-02-25 10:49:29 | INFO |        4.148 |        5           2              0.000 
2025-02-25 10:49:29 | INFO |        4.148 |        6           2              0.000 
2025-02-25 10:49:29 | INFO |        4.148 |        7           2              0.000 
2025-02-25 10:49:29 | INFO |        4.148 |        8           2              0.000 
2025-02-25 10:49:29 | INFO |        4.148 |        9           2              0.000 
2025-02-25 10:49:29 | INFO |        4.148 |       10           2              0.000 
2025-02-25 10:49:29 | INFO |        4.149 |       11           2              0.001 
2025-02-25 10:49:29 | INFO |        4.150 |       12           2              0.001 
2025-02-25 10:49:29 | INFO |        4.152 |       13           2              0.002 
2025-02-25 10:49:29 | INFO |        4.156 |       14           2              0.004 
2025-02-25 10:49:29 | INFO |        4.164 |       15           2              0.008 
2025-02-25 10:49:29 | INFO |        4.181 |       16           2              0.016 
2025-02-25 10:49:29 | INFO |        4.213 |       17           2              0.033 
2025-02-25 10:49:29 | INFO |        4.246 |       18           2              0.033 
2025-02-25 10:49:29 | INFO |        4.279 |       19           2              0.033 
2025-02-25 10:49:29 | INFO |        4.312 |       20           2              0.033 
2025-02-25 10:49:29 | INFO |        4.344 |       21           2              0.033 
2025-02-25 10:49:29 | INFO |        4.358 |       22           2              0.033 
2025-02-25 10:49:29 | INFO |        4.377 |       22           2              0.033 
2025-02-25 10:49:29 | INFO |        4.410 |       23           2              0.033 
2025-02-25 10:49:29 | INFO |        4.443 |       24           2              0.033 
2025-02-25 10:49:29 | INFO |        4.476 |       25           2              0.033 
2025-02-25 10:49:29 | INFO |        4.508 |       26           2              0.033 
2025-02-25 10:49:29 | INFO |        4.541 |       27           2              0.033 
2025-02-25 10:49:29 | INFO |        4.574 |       28           2              0.033 
2025-02-25 10:49:29 | INFO |        4.607 |       29           2              0.033 
2025-02-25 10:49:29 | INFO |        4.639 |       30           2              0.033 
2025-02-25 10:49:29 | INFO |        4.672 |       31           2              0.033 
2025-02-25 10:49:29 | INFO |        4.695 |       32           2              0.033 
2025-02-25 10:49:29 | INFO |        4.705 |       32           2              0.033 
2025-02-25 10:49:29 | INFO |        4.738 |       33           2              0.033 
2025-02-25 10:49:29 | INFO |        4.753 |       34           2              0.033 
2025-02-25 10:49:29 | INFO |        4.753 |       34           2              0.033 
2025-02-25 10:49:29 | INFO | Algebraic mode change at t = 4.75279
2025-02-25 10:49:29 | INFO |        4.753 |       34           2              0.033 
2025-02-25 10:49:29 | INFO | calculation of the new starting point of the simulation.
2025-02-25 10:49:29 | INFO |        4.753 |        0           0              0.000 
2025-02-25 10:49:29 | INFO |        4.753 |        1           1              0.000 
2025-02-25 10:49:29 | INFO |        4.753 |        2           1              0.000 
2025-02-25 10:49:29 | INFO |        4.753 |        3           2              0.000 
2025-02-25 10:49:29 | INFO |        4.753 |        4           2              0.000 
2025-02-25 10:49:29 | INFO |        4.753 |        5           2              0.000 
2025-02-25 10:49:29 | INFO |        4.753 |        6           2              0.000 
2025-02-25 10:49:29 | INFO |        4.753 |        7           2              0.000 
2025-02-25 10:49:29 | INFO |        4.753 |        8           2              0.000 
2025-02-25 10:49:29 | INFO |        4.753 |        9           2              0.000 
2025-02-25 10:49:29 | INFO |        4.753 |       10           2              0.000 
2025-02-25 10:49:29 | INFO |        4.754 |       11           2              0.001 
2025-02-25 10:49:29 | INFO |        4.755 |       12           2              0.001 
2025-02-25 10:49:29 | INFO |        4.757 |       13           2              0.002 
2025-02-25 10:49:29 | INFO |        4.761 |       14           2              0.004 
2025-02-25 10:49:29 | INFO |        4.769 |       15           2              0.008 
2025-02-25 10:49:29 | INFO |        4.786 |       16           2              0.016 
2025-02-25 10:49:29 | INFO |        4.818 |       17           2              0.033 
2025-02-25 10:49:29 | INFO |        4.851 |       18           2              0.033 
2025-02-25 10:49:29 | INFO |        4.884 |       19           2              0.033 
2025-02-25 10:49:30 | INFO |        4.917 |       20           2              0.033 
2025-02-25 10:49:30 | INFO |        4.949 |       21           2              0.033 
2025-02-25 10:49:30 | INFO |        4.982 |       22           2              0.033 
2025-02-25 10:49:30 | INFO |        5.015 |       23           2              0.033 
2025-02-25 10:49:30 | INFO |        5.048 |       24           2              0.033 
2025-02-25 10:49:30 | INFO |        5.080 |       25           2              0.033 
2025-02-25 10:49:30 | INFO |        5.082 |       26           2              0.033 
2025-02-25 10:49:30 | INFO | Algebraic mode change at t = 5.11186
2025-02-25 10:49:30 | INFO |        5.112 |       26           2              0.033 
2025-02-25 10:49:30 | INFO | calculation of the new starting point of the simulation.
2025-02-25 10:49:30 | INFO |        5.112 |        0           0              0.000 
2025-02-25 10:49:30 | INFO |        5.112 |        1           1              0.000 
2025-02-25 10:49:30 | INFO |        5.112 |        2           1              0.000 
2025-02-25 10:49:30 | INFO |        5.112 |        3           2              0.000 
2025-02-25 10:49:30 | INFO |        5.112 |        3           2              0.000 
2025-02-25 10:49:30 | INFO |        5.112 |        3           2              0.000 
2025-02-25 10:49:30 | INFO |        5.112 |        4           2              0.000 
2025-02-25 10:49:30 | INFO |        5.112 |        5           2              0.000 
2025-02-25 10:49:30 | INFO |        5.112 |        6           2              0.000 
2025-02-25 10:49:30 | INFO |        5.112 |        7           2              0.000 
2025-02-25 10:49:30 | INFO |        5.112 |        8           2              0.000 
2025-02-25 10:49:30 | INFO |        5.112 |        9           2              0.000 
2025-02-25 10:49:30 | INFO |        5.112 |       10           2              0.000 
2025-02-25 10:49:30 | INFO |        5.113 |       11           2              0.001 
2025-02-25 10:49:30 | INFO |        5.114 |       12           2              0.001 
2025-02-25 10:49:30 | INFO |        5.116 |       13           2              0.002 
2025-02-25 10:49:30 | INFO |        5.120 |       14           2              0.004 
2025-02-25 10:49:30 | INFO |        5.128 |       15           2              0.008 
2025-02-25 10:49:30 | INFO |        5.145 |       16           2              0.016 
2025-02-25 10:49:30 | INFO |        5.177 |       17           2              0.033 
2025-02-25 10:49:30 | INFO |        5.210 |       18           2              0.033 
2025-02-25 10:49:30 | INFO |        5.243 |       19           2              0.033 
2025-02-25 10:49:30 | INFO |        5.276 |       20           2              0.033 
2025-02-25 10:49:30 | INFO |        5.308 |       21           2              0.033 
2025-02-25 10:49:30 | INFO |        5.341 |       22           2              0.033 
2025-02-25 10:49:30 | INFO |        5.374 |       23           2              0.033 
2025-02-25 10:49:30 | INFO |        5.407 |       24           2              0.033 
2025-02-25 10:49:30 | INFO |        5.440 |       25           2              0.033 
2025-02-25 10:49:30 | INFO |        5.472 |       26           2              0.033 
2025-02-25 10:49:30 | INFO |        5.505 |       27           2              0.033 
2025-02-25 10:49:30 | INFO |        5.538 |       28           2              0.033 
2025-02-25 10:49:30 | INFO |        5.571 |       29           2              0.033 
2025-02-25 10:49:30 | INFO |        5.603 |       30           2              0.033 
2025-02-25 10:49:30 | INFO |        5.636 |       31           2              0.033 
2025-02-25 10:49:30 | INFO |        5.669 |       32           2              0.033 
2025-02-25 10:49:30 | INFO |        5.702 |       33           2              0.033 
2025-02-25 10:49:30 | INFO |        5.734 |       34           2              0.033 
2025-02-25 10:49:30 | INFO |        5.765 |       35           2              0.033 
2025-02-25 10:49:30 | INFO |        5.765 |       35           2              0.033 
2025-02-25 10:49:30 | INFO | Algebraic mode change at t = 5.7648
2025-02-25 10:49:30 | INFO |        5.765 |       35           2              0.033 
2025-02-25 10:49:30 | INFO | calculation of the new starting point of the simulation.
2025-02-25 10:49:30 | INFO |        5.765 |        0           0              0.000 
2025-02-25 10:49:30 | INFO |        5.765 |        1           1              0.000 
2025-02-25 10:49:30 | INFO |        5.765 |        2           1              0.000 
2025-02-25 10:49:30 | INFO |        5.765 |        3           2              0.000 
2025-02-25 10:49:30 | INFO |        5.765 |        4           2              0.000 
2025-02-25 10:49:30 | INFO |        5.765 |        5           2              0.000 
2025-02-25 10:49:30 | INFO |        5.765 |        6           2              0.000 
2025-02-25 10:49:30 | INFO |        5.765 |        7           2              0.000 
2025-02-25 10:49:30 | INFO |        5.765 |        8           2              0.000 
2025-02-25 10:49:30 | INFO |        5.765 |        9           2              0.000 
2025-02-25 10:49:30 | INFO |        5.765 |       10           2              0.000 
2025-02-25 10:49:30 | INFO |        5.766 |       11           2              0.001 
2025-02-25 10:49:30 | INFO |        5.767 |       12           2              0.001 
2025-02-25 10:49:30 | INFO |        5.769 |       13           2              0.002 
2025-02-25 10:49:30 | INFO |        5.773 |       14           2              0.004 
2025-02-25 10:49:30 | INFO |        5.781 |       15           2              0.008 
2025-02-25 10:49:30 | INFO |        5.798 |       16           2              0.016 
2025-02-25 10:49:30 | INFO |        5.830 |       17           2              0.033 
2025-02-25 10:49:30 | INFO |        5.839 |       18           2              0.033 
2025-02-25 10:49:30 | INFO |        5.839 |       18           2              0.033 
2025-02-25 10:49:30 | INFO | Algebraic mode change at t = 5.83894
2025-02-25 10:49:30 | INFO |        5.839 |       18           2              0.033 
2025-02-25 10:49:30 | INFO | calculation of the new starting point of the simulation.
2025-02-25 10:49:30 | INFO |        5.839 |        0           0              0.000 
2025-02-25 10:49:31 | INFO |        5.839 |        1           1              0.000 
2025-02-25 10:49:31 | INFO |        5.839 |        2           1              0.000 
2025-02-25 10:49:31 | INFO |        5.839 |        3           2              0.000 
2025-02-25 10:49:31 | INFO |        5.839 |        4           2              0.000 
2025-02-25 10:49:31 | INFO |        5.839 |        5           2              0.000 
2025-02-25 10:49:31 | INFO |        5.839 |        6           2              0.000 
2025-02-25 10:49:31 | INFO |        5.839 |        7           2              0.000 
2025-02-25 10:49:31 | INFO |        5.839 |        8           2              0.000 
2025-02-25 10:49:31 | INFO |        5.839 |        9           2              0.000 
2025-02-25 10:49:31 | INFO |        5.839 |       10           2              0.000 
2025-02-25 10:49:31 | INFO |        5.840 |       11           2              0.001 
2025-02-25 10:49:31 | INFO |        5.841 |       12           2              0.001 
2025-02-25 10:49:31 | INFO |        5.843 |       13           2              0.002 
2025-02-25 10:49:31 | INFO |        5.847 |       14           2              0.004 
2025-02-25 10:49:31 | INFO |        5.855 |       15           2              0.008 
2025-02-25 10:49:31 | INFO |        5.872 |       16           2              0.016 
2025-02-25 10:49:31 | INFO |        5.904 |       17           2              0.033 
2025-02-25 10:49:31 | INFO |        5.937 |       18           2              0.033 
2025-02-25 10:49:31 | INFO |        5.970 |       19           2              0.033 
2025-02-25 10:49:31 | INFO |        6.003 |       20           2              0.033 
2025-02-25 10:49:31 | INFO |        6.036 |       21           2              0.033 
2025-02-25 10:49:31 | INFO |        6.068 |       22           2              0.033 
2025-02-25 10:49:31 | INFO | Algebraic mode change at t = 6.07875
2025-02-25 10:49:31 | INFO |        6.079 |       23           2              0.033 
2025-02-25 10:49:31 | INFO | calculation of the new starting point of the simulation.
2025-02-25 10:49:31 | INFO |        6.079 |        0           0              0.000 
2025-02-25 10:49:31 | INFO |        6.079 |        1           1              0.000 
2025-02-25 10:49:31 | INFO |        6.079 |        2           1              0.000 
2025-02-25 10:49:31 | INFO |        6.079 |        3           2              0.000 
2025-02-25 10:49:31 | INFO |        6.079 |        4           2              0.000 
2025-02-25 10:49:31 | INFO |        6.079 |        5           2              0.000 
2025-02-25 10:49:31 | INFO |        6.079 |        5           2              0.000 
2025-02-25 10:49:31 | INFO |        6.079 |        5           2              0.000 
2025-02-25 10:49:31 | INFO |        6.079 |        6           2              0.000 
2025-02-25 10:49:31 | INFO |        6.079 |        7           2              0.000 
2025-02-25 10:49:31 | INFO |        6.079 |        8           2              0.000 
2025-02-25 10:49:31 | INFO |        6.079 |        9           2              0.000 
2025-02-25 10:49:31 | INFO |        6.079 |       10           2              0.000 
2025-02-25 10:49:31 | INFO |        6.080 |       11           2              0.001 
2025-02-25 10:49:31 | INFO |        6.081 |       12           2              0.001 
2025-02-25 10:49:31 | INFO |        6.083 |       13           2              0.002 
2025-02-25 10:49:31 | INFO |        6.087 |       14           2              0.004 
2025-02-25 10:49:31 | INFO |        6.095 |       15           2              0.008 
2025-02-25 10:49:31 | INFO |        6.112 |       16           2              0.016 
2025-02-25 10:49:31 | INFO | Algebraic mode change at t = 6.12848
2025-02-25 10:49:31 | INFO |        6.128 |       17           2              0.033 
2025-02-25 10:49:31 | INFO | calculation of the new starting point of the simulation.
2025-02-25 10:49:32 | INFO |        6.128 |        0           0              0.000 
2025-02-25 10:49:32 | INFO |        6.128 |        1           1              0.000 
2025-02-25 10:49:32 | INFO |        6.128 |        2           1              0.000 
2025-02-25 10:49:32 | INFO |        6.128 |        3           2              0.000 
2025-02-25 10:49:32 | INFO |        6.128 |        4           2              0.000 
2025-02-25 10:49:32 | INFO |        6.128 |        4           2              0.000 
2025-02-25 10:49:32 | INFO |        6.128 |        4           2              0.000 
2025-02-25 10:49:32 | INFO |        6.128 |        5           2              0.000 
2025-02-25 10:49:32 | INFO |        6.129 |        6           2              0.000 
2025-02-25 10:49:32 | INFO |        6.129 |        7           2              0.000 
2025-02-25 10:49:32 | INFO |        6.129 |        8           2              0.000 
2025-02-25 10:49:32 | INFO |        6.129 |        9           2              0.000 
2025-02-25 10:49:32 | INFO |        6.129 |       10           2              0.000 
2025-02-25 10:49:32 | INFO |        6.130 |       11           2              0.001 
2025-02-25 10:49:32 | INFO |        6.131 |       12           2              0.001 
2025-02-25 10:49:32 | INFO |        6.133 |       13           2              0.002 
2025-02-25 10:49:32 | INFO |        6.137 |       14           2              0.004 
2025-02-25 10:49:32 | INFO |        6.145 |       15           2              0.008 
2025-02-25 10:49:32 | INFO |        6.161 |       16           2              0.016 
2025-02-25 10:49:32 | INFO |        6.194 |       17           2              0.033 
2025-02-25 10:49:32 | INFO |        6.260 |       18           2              0.066 
2025-02-25 10:49:32 | INFO |        6.318 |       19           2              0.058 
2025-02-25 10:49:32 | INFO |        6.376 |       20           2              0.058 
2025-02-25 10:49:32 | INFO |        6.428 |       21           2              0.052 
2025-02-25 10:49:32 | INFO |        6.480 |       22           2              0.052 
2025-02-25 10:49:32 | INFO |        6.527 |       23           2              0.047 
2025-02-25 10:49:32 | INFO |        6.575 |       24           2              0.047 
2025-02-25 10:49:32 | INFO |        6.622 |       25           2              0.047 
2025-02-25 10:49:32 | INFO |        6.669 |       26           2              0.047 
2025-02-25 10:49:32 | INFO |        6.716 |       27           2              0.047 
2025-02-25 10:49:32 | INFO |        6.763 |       28           2              0.047 
2025-02-25 10:49:32 | INFO |        6.810 |       29           2              0.047 
2025-02-25 10:49:32 | INFO |        6.814 |       30           2              0.047 
2025-02-25 10:49:32 | INFO |        6.814 |       30           2              0.047 
2025-02-25 10:49:32 | INFO | Algebraic mode change at t = 6.81448
2025-02-25 10:49:32 | INFO |        6.814 |       30           2              0.047 
2025-02-25 10:49:32 | INFO | calculation of the new starting point of the simulation.
2025-02-25 10:49:32 | INFO |        6.814 |        0           0              0.000 
2025-02-25 10:49:32 | INFO |        6.814 |        1           1              0.000 
2025-02-25 10:49:32 | INFO |        6.814 |        2           1              0.000 
2025-02-25 10:49:32 | INFO |        6.814 |        3           2              0.000 
2025-02-25 10:49:32 | INFO |        6.814 |        4           2              0.000 
2025-02-25 10:49:32 | INFO |        6.815 |        5           2              0.000 
2025-02-25 10:49:32 | INFO |        6.815 |        6           2              0.000 
2025-02-25 10:49:32 | INFO |        6.815 |        7           2              0.000 
2025-02-25 10:49:32 | INFO |        6.815 |        8           2              0.000 
2025-02-25 10:49:32 | INFO |        6.815 |        9           2              0.000 
2025-02-25 10:49:32 | INFO |        6.815 |       10           2              0.000 
2025-02-25 10:49:32 | INFO |        6.816 |       11           2              0.001 
2025-02-25 10:49:32 | INFO |        6.817 |       12           2              0.001 
2025-02-25 10:49:32 | INFO |        6.819 |       13           2              0.002 
2025-02-25 10:49:32 | INFO |        6.823 |       14           2              0.004 
2025-02-25 10:49:32 | INFO |        6.831 |       15           2              0.008 
2025-02-25 10:49:32 | INFO |        6.847 |       16           2              0.016 
2025-02-25 10:49:33 | INFO |        6.880 |       17           2              0.033 
2025-02-25 10:49:33 | INFO |        6.913 |       18           2              0.033 
2025-02-25 10:49:33 | INFO |        6.978 |       19           2              0.066 
2025-02-25 10:49:33 | INFO |        7.036 |       20           2              0.057 
2025-02-25 10:49:33 | INFO |        7.093 |       21           2              0.057 
2025-02-25 10:49:33 | INFO | Algebraic mode change at t = 7.12919
2025-02-25 10:49:33 | INFO |        7.129 |       22           2              0.057 
2025-02-25 10:49:33 | INFO | calculation of the new starting point of the simulation.
2025-02-25 10:49:33 | INFO |        7.129 |        0           0              0.000 
2025-02-25 10:49:33 | INFO |        7.129 |        1           1              0.000 
2025-02-25 10:49:33 | INFO |        7.129 |        2           1              0.000 
2025-02-25 10:49:33 | INFO |        7.129 |        3           2              0.000 
2025-02-25 10:49:33 | INFO |        7.129 |        4           2              0.000 
2025-02-25 10:49:33 | INFO |        7.129 |        5           2              0.000 
2025-02-25 10:49:33 | INFO |        7.129 |        5           2              0.000 
2025-02-25 10:49:33 | INFO |        7.129 |        5           2              0.000 
2025-02-25 10:49:33 | INFO |        7.129 |        6           2              0.000 
2025-02-25 10:49:33 | INFO |        7.129 |        7           2              0.000 
2025-02-25 10:49:33 | INFO |        7.129 |        8           2              0.000 
2025-02-25 10:49:33 | INFO |        7.129 |        9           2              0.000 
2025-02-25 10:49:33 | INFO |        7.130 |       10           2              0.000 
2025-02-25 10:49:33 | INFO |        7.130 |       11           2              0.001 
2025-02-25 10:49:33 | INFO |        7.131 |       12           2              0.001 
2025-02-25 10:49:33 | INFO |        7.133 |       13           2              0.002 
2025-02-25 10:49:33 | INFO |        7.137 |       14           2              0.004 
2025-02-25 10:49:33 | INFO |        7.146 |       15           2              0.008 
2025-02-25 10:49:33 | INFO |        7.162 |       16           2              0.016 
2025-02-25 10:49:33 | INFO |        7.195 |       17           2              0.033 
2025-02-25 10:49:33 | INFO |        7.260 |       18           2              0.066 
2025-02-25 10:49:33 | INFO |        7.326 |       19           2              0.066 
2025-02-25 10:49:33 | INFO |        7.391 |       20           2              0.066 
2025-02-25 10:49:33 | INFO |        7.457 |       21           2              0.066 
2025-02-25 10:49:33 | INFO |        7.522 |       22           2              0.066 
2025-02-25 10:49:33 | INFO |        7.588 |       23           2              0.066 
2025-02-25 10:49:33 | INFO |        7.653 |       24           2              0.066 
2025-02-25 10:49:33 | INFO |        7.719 |       25           2              0.066 
2025-02-25 10:49:33 | INFO |        7.785 |       26           2              0.066 
2025-02-25 10:49:33 | INFO |        7.816 |       27           2              0.066 
2025-02-25 10:49:33 | INFO |        7.816 |       27           2              0.066 
2025-02-25 10:49:33 | INFO | Algebraic mode change at t = 7.81601
2025-02-25 10:49:33 | INFO |        7.816 |       27           2              0.066 
2025-02-25 10:49:33 | INFO | calculation of the new starting point of the simulation.
2025-02-25 10:49:33 | INFO |        7.816 |        0           0              0.000 
2025-02-25 10:49:33 | INFO |        7.816 |        1           1              0.000 
2025-02-25 10:49:33 | INFO |        7.816 |        2           1              0.000 
2025-02-25 10:49:33 | INFO |        7.816 |        3           2              0.000 
2025-02-25 10:49:33 | INFO |        7.816 |        4           2              0.000 
2025-02-25 10:49:33 | INFO |        7.816 |        5           2              0.000 
2025-02-25 10:49:33 | INFO |        7.816 |        6           2              0.000 
2025-02-25 10:49:33 | INFO |        7.816 |        7           2              0.000 
2025-02-25 10:49:33 | INFO |        7.816 |        8           2              0.000 
2025-02-25 10:49:33 | INFO |        7.816 |        9           2              0.000 
2025-02-25 10:49:33 | INFO |        7.817 |       10           2              0.000 
2025-02-25 10:49:33 | INFO |        7.817 |       11           2              0.001 
2025-02-25 10:49:33 | INFO |        7.818 |       12           2              0.001 
2025-02-25 10:49:33 | INFO |        7.820 |       13           2              0.002 
2025-02-25 10:49:34 | INFO |        7.824 |       14           2              0.004 
2025-02-25 10:49:34 | INFO |        7.832 |       15           2              0.008 
2025-02-25 10:49:34 | INFO |        7.849 |       16           2              0.016 
2025-02-25 10:49:34 | INFO |        7.882 |       17           2              0.033 
2025-02-25 10:49:34 | INFO |        7.947 |       18           2              0.066 
2025-02-25 10:49:34 | INFO |        8.013 |       19           2              0.066 
2025-02-25 10:49:34 | INFO |        8.078 |       20           2              0.066 
2025-02-25 10:49:34 | INFO | Algebraic mode change at t = 8.12484
2025-02-25 10:49:34 | INFO |        8.125 |       21           2              0.066 
2025-02-25 10:49:34 | INFO | calculation of the new starting point of the simulation.
2025-02-25 10:49:34 | INFO |        8.125 |        0           0              0.000 
2025-02-25 10:49:34 | INFO |        8.125 |        1           1              0.000 
2025-02-25 10:49:34 | INFO |        8.125 |        2           1              0.000 
2025-02-25 10:49:34 | INFO |        8.125 |        3           2              0.000 
2025-02-25 10:49:34 | INFO |        8.125 |        4           2              0.000 
2025-02-25 10:49:34 | INFO |        8.125 |        5           2              0.000 
2025-02-25 10:49:34 | INFO |        8.125 |        6           2              0.000 
2025-02-25 10:49:34 | INFO |        8.125 |        6           2              0.000 
2025-02-25 10:49:34 | INFO |        8.125 |        6           2              0.000 
2025-02-25 10:49:34 | INFO |        8.125 |        7           2              0.000 
2025-02-25 10:49:34 | INFO |        8.125 |        8           2              0.000 
2025-02-25 10:49:34 | INFO |        8.125 |        9           2              0.000 
2025-02-25 10:49:34 | INFO |        8.125 |       10           2              0.000 
2025-02-25 10:49:34 | INFO |        8.126 |       11           2              0.001 
2025-02-25 10:49:34 | INFO |        8.127 |       12           2              0.001 
2025-02-25 10:49:34 | INFO |        8.129 |       13           2              0.002 
2025-02-25 10:49:34 | INFO |        8.133 |       14           2              0.004 
2025-02-25 10:49:34 | INFO |        8.141 |       15           2              0.008 
2025-02-25 10:49:34 | INFO |        8.158 |       16           2              0.016 
2025-02-25 10:49:34 | INFO |        8.190 |       17           2              0.033 
2025-02-25 10:49:34 | INFO |        8.256 |       18           2              0.066 
2025-02-25 10:49:34 | INFO |        8.321 |       19           2              0.066 
2025-02-25 10:49:34 | INFO |        8.387 |       20           2              0.066 
2025-02-25 10:49:34 | INFO |        8.453 |       21           2              0.066 
2025-02-25 10:49:34 | INFO |        8.518 |       22           2              0.066 
2025-02-25 10:49:34 | INFO |        8.584 |       23           2              0.066 
2025-02-25 10:49:34 | INFO |        8.649 |       24           2              0.066 
2025-02-25 10:49:34 | INFO |        8.715 |       25           2              0.066 
2025-02-25 10:49:34 | INFO |        8.780 |       26           2              0.066 
2025-02-25 10:49:34 | INFO |        8.846 |       27           2              0.066 
2025-02-25 10:49:34 | INFO |        8.900 |       28           2              0.083 
2025-02-25 10:49:34 | INFO |        8.900 |       28           2              0.083 
2025-02-25 10:49:34 | INFO | Algebraic mode change at t = 8.89982
2025-02-25 10:49:34 | INFO |        8.900 |       28           2              0.083 
2025-02-25 10:49:34 | INFO | calculation of the new starting point of the simulation.
2025-02-25 10:49:34 | INFO |        8.900 |        0           0              0.000 
2025-02-25 10:49:34 | INFO | Algebraic mode change at t = 8.89982
2025-02-25 10:49:34 | INFO |        8.900 |        1           1              0.000 
2025-02-25 10:49:34 | INFO | calculation of the new starting point of the simulation.
2025-02-25 10:49:34 | INFO |        8.900 |        0           0              0.000 
2025-02-25 10:49:34 | INFO |        8.900 |        1           1              0.000 
2025-02-25 10:49:34 | INFO |        8.900 |        2           1              0.000 
2025-02-25 10:49:34 | INFO |        8.900 |        3           2              0.000 
2025-02-25 10:49:34 | INFO |        8.900 |        4           2              0.000 
2025-02-25 10:49:34 | INFO |        8.900 |        5           2              0.000 
2025-02-25 10:49:34 | INFO |        8.900 |        6           2              0.000 
2025-02-25 10:49:34 | INFO |        8.900 |        7           2              0.000 
2025-02-25 10:49:34 | INFO |        8.900 |        8           2              0.000 
2025-02-25 10:49:34 | INFO |        8.900 |        9           2              0.000 
2025-02-25 10:49:35 | INFO |        8.900 |       10           2              0.000 
2025-02-25 10:49:35 | INFO |        8.901 |       11           2              0.001 
2025-02-25 10:49:35 | INFO |        8.902 |       12           2              0.001 
2025-02-25 10:49:35 | INFO |        8.904 |       13           2              0.002 
2025-02-25 10:49:35 | INFO |        8.908 |       14           2              0.004 
2025-02-25 10:49:35 | INFO |        8.916 |       15           2              0.008 
2025-02-25 10:49:35 | INFO |        8.933 |       16           2              0.016 
2025-02-25 10:49:35 | INFO |        8.965 |       17           2              0.033 
2025-02-25 10:49:35 | INFO |        9.031 |       18           2              0.066 
2025-02-25 10:49:35 | INFO |        9.096 |       19           1              0.066 
2025-02-25 10:49:35 | INFO | Algebraic mode change at t = 9.13428
2025-02-25 10:49:35 | INFO |        9.134 |       20           1              0.066 
2025-02-25 10:49:35 | INFO | calculation of the new starting point of the simulation.
2025-02-25 10:49:35 | INFO |        9.134 |        0           0              0.000 
2025-02-25 10:49:35 | INFO |        9.134 |        1           1              0.000 
2025-02-25 10:49:35 | INFO |        9.134 |        2           1              0.000 
2025-02-25 10:49:35 | INFO |        9.134 |        3           2              0.000 
2025-02-25 10:49:35 | INFO |        9.134 |        4           2              0.000 
2025-02-25 10:49:35 | INFO |        9.134 |        5           2              0.000 
2025-02-25 10:49:35 | INFO |        9.134 |        6           2              0.000 
2025-02-25 10:49:35 | INFO |        9.134 |        7           2              0.000 
2025-02-25 10:49:35 | INFO |        9.134 |        8           2              0.000 
2025-02-25 10:49:35 | INFO |        9.134 |        8           2              0.000 
2025-02-25 10:49:35 | INFO |        9.134 |        8           2              0.000 
2025-02-25 10:49:35 | INFO |        9.135 |        9           2              0.000 
2025-02-25 10:49:35 | INFO |        9.135 |       10           2              0.000 
2025-02-25 10:49:35 | INFO |        9.135 |       11           2              0.001 
2025-02-25 10:49:35 | INFO |        9.136 |       12           2              0.001 
2025-02-25 10:49:35 | INFO |        9.138 |       13           2              0.002 
2025-02-25 10:49:35 | INFO |        9.142 |       14           2              0.004 
2025-02-25 10:49:35 | INFO |        9.151 |       15           2              0.008 
2025-02-25 10:49:35 | INFO |        9.167 |       16           2              0.016 
2025-02-25 10:49:35 | INFO |        9.200 |       17           2              0.033 
2025-02-25 10:49:35 | INFO |        9.265 |       18           2              0.066 
2025-02-25 10:49:35 | INFO |        9.331 |       19           2              0.066 
2025-02-25 10:49:35 | INFO |        9.462 |       20           2              0.131 
2025-02-25 10:49:35 | INFO |        9.567 |       21           2              0.105 
2025-02-25 10:49:35 | INFO |        9.671 |       22           2              0.105 
2025-02-25 10:49:35 | INFO |        9.776 |       23           2              0.105 
2025-02-25 10:49:35 | INFO |        9.880 |       24           2              0.105 
2025-02-25 10:49:35 | INFO |        9.985 |       25           2              0.105 
2025-02-25 10:49:35 | INFO |       10.089 |       26           2              0.105 
2025-02-25 10:49:35 | INFO |       10.194 |       27           2              0.105 
2025-02-25 10:49:35 | INFO |       10.298 |       28           2              0.105 
2025-02-25 10:49:35 | INFO |       10.403 |       29           2              0.105 
2025-02-25 10:49:35 | INFO |       10.507 |       30           2              0.105 
2025-02-25 10:49:35 | INFO |       10.612 |       31           2              0.105 
2025-02-25 10:49:35 | INFO |       10.717 |       32           2              0.105 
2025-02-25 10:49:35 | INFO |       10.821 |       33           2              0.105 
2025-02-25 10:49:35 | INFO |       10.926 |       34           2              0.105 
2025-02-25 10:49:35 | INFO |       11.030 |       35           2              0.105 
2025-02-25 10:49:35 | INFO |       11.135 |       36           2              0.105 
2025-02-25 10:49:35 | INFO |       11.344 |       37           2              0.209 
2025-02-25 10:49:35 | INFO |       11.532 |       38           1              0.188 
2025-02-25 10:49:35 | INFO |       11.701 |       39           1              0.169 
2025-02-25 10:49:35 | INFO |       11.871 |       40           1              0.169 
2025-02-25 10:49:35 | INFO |       12.209 |       41           1              0.339 
2025-02-25 10:49:35 | INFO |       12.548 |       42           1              0.339 
2025-02-25 10:49:35 | INFO |       12.887 |       43           1              0.339 
2025-02-25 10:49:35 | INFO |       13.564 |       44           1              0.677 
2025-02-25 10:49:35 | INFO |       14.242 |       45           1              0.677 
2025-02-25 10:49:35 | INFO |       15.597 |       46           1              1.355 
2025-02-25 10:49:35 | INFO |       18.306 |       47           1              2.710 
2025-02-25 10:49:35 | INFO |       20.000 |       48           1              1.694 
2025-02-25 10:49:36 | INFO | 
2025-02-25 10:49:36 | INFO | execution statistics :
2025-02-25 10:49:36 | INFO | 
2025-02-25 10:49:36 | INFO | number of time iterations                  = 896
2025-02-25 10:49:36 | INFO | number of residual evaluations             = 1331
2025-02-25 10:49:36 | INFO | number of Jacobian evaluations             = 609
2025-02-25 10:49:36 | INFO | number of nonlinear iterations             = 1245
2025-02-25 10:49:36 | INFO | number of error test failures              = 2
2025-02-25 10:49:36 | INFO | number of nonlinear convergence failures   = 1
2025-02-25 10:49:36 | INFO | number of root functions evaluations       = 5719
2025-02-25 10:49:36 | INFO | number of discrete variables evaluations   = 223
2025-02-25 10:49:36 | INFO | number of mode evaluations                 = 177
